DEBUG:root:Checking elevation...
INFO:root:Restart progam and ask for elevation...
DEBUG:root:Checking elevation...
DEBUG:root:Elevation present.
DEBUG:root:Checking elevation...
INFO:root:Restart progam and ask for elevation...
DEBUG:root:Checking elevation...
DEBUG:root:Elevation present.
DEBUG:root:Checking elevation...
INFO:root:Restart progam and ask for elevation...
DEBUG:root:Checking elevation...
DEBUG:root:Elevation present.
DEBUG:root:Checking elevation...
INFO:root:Restart progam and ask for elevation...
DEBUG:root:Checking elevation...
DEBUG:root:Elevation present.
DEBUG:root:Checking elevation...
INFO:root:Restart progam and ask for elevation...
DEBUG:root:Checking elevation...
DEBUG:root:Elevation present.
DEBUG:root:Checking elevation...
INFO:root:Restart progam and ask for elevation...
DEBUG:root:Checking elevation...
DEBUG:root:Elevation present.
DEBUG:root:Checking elevation...
INFO:root:Restart progam and ask for elevation...
DEBUG:root:Checking elevation...
DEBUG:root:Elevation present.
DEBUG:root:Checking elevation...
INFO:root:Restart progam and ask for elevation...
DEBUG:root:Checking elevation...
DEBUG:root:Elevation present.
DEBUG:root:Checking elevation...
INFO:root:Restart progam and ask for elevation...
DEBUG:root:Checking elevation...
DEBUG:root:Elevation present.
DEBUG:root:Checking elevation...
INFO:root:Restart progam and ask for elevation...
DEBUG:root:Checking elevation...
DEBUG:root:Elevation present.
DEBUG:root:Checking elevation...
INFO:root:Restart progam and ask for elevation...
DEBUG:root:Checking elevation...
DEBUG:root:Elevation present.
DEBUG:root:Checking elevation...
INFO:root:Restart progam and ask for elevation...
DEBUG:root:Checking elevation...
DEBUG:root:Elevation present.
DEBUG:root:Checking elevation...
INFO:root:Restart progam and ask for elevation...
DEBUG:root:Checking elevation...
DEBUG:root:Elevation present.
DEBUG:root:Checking elevation...
INFO:root:Restart progam and ask for elevation...
DEBUG:root:Checking elevation...
DEBUG:root:Elevation present.
DEBUG:root:Checking elevation...
INFO:root:Restart progam and ask for elevation...
DEBUG:root:Checking elevation...
DEBUG:root:Elevation present.
DEBUG:root:Checking elevation...
INFO:root:Restart progam and ask for elevation...
DEBUG:root:Checking elevation...
DEBUG:root:Elevation present.
DEBUG:root:Checking elevation...
INFO:root:Restart progam and ask for elevation...
DEBUG:root:Checking elevation...
DEBUG:root:Elevation present.
DEBUG:root:Checking elevation...
INFO:root:Restart progam and ask for elevation...
DEBUG:root:Checking elevation...
DEBUG:root:Elevation present.
DEBUG:root:Checking elevation...
INFO:root:Restart progam and ask for elevation...
DEBUG:root:Checking elevation...
DEBUG:root:Elevation present.
DEBUG:root:Checking elevation...
INFO:root:Restart progam and ask for elevation...
DEBUG:root:Checking elevation...
DEBUG:root:Elevation present.
DEBUG:root:Checking elevation...
INFO:root:Restart progam and ask for elevation...
DEBUG:root:Checking elevation...
DEBUG:root:Elevation present.
DEBUG:root:Checking elevation...
INFO:root:Restart progam and ask for elevation...
DEBUG:root:Checking elevation...
DEBUG:root:Elevation present.
DEBUG:root:Extracting physical network devices...
DEBUG:root:Creating GUI Frame...
DEBUG:root:Building GUI...
DEBUG:root:Start button pressed.
INFO:root:Starting server thread...
DEBUG:root:Checking elevation...
INFO:root:Restart progam and ask for elevation...
DEBUG:root:Checking elevation...
DEBUG:root:Elevation present.
DEBUG:root:Extracting physical network devices...
DEBUG:root:Creating GUI Frame...
DEBUG:root:Building GUI...
DEBUG:root:Start button pressed.
INFO:root:Starting server thread...
INFO:root:Changing network configuration for Motiontracker/EMG on Intel(R) Dual Band Wireless-AC 7260...
INFO:root:Changed network configuration of Intel(R) Dual Band Wireless-AC 7260
	to ip-192.168.1.5; netmask-255.255.255.0; gateway-192.168.1.1
DEBUG:root:Print description...
DEBUG:root:Checking elevation...
INFO:root:Restart progam and ask for elevation...
DEBUG:root:Checking elevation...
DEBUG:root:Elevation present.
DEBUG:root:Extracting physical network devices...
DEBUG:root:Creating GUI Frame...
DEBUG:root:Building GUI...
DEBUG:root:Start button pressed.
INFO:root:Starting server thread...
INFO:root:Changing network configuration for fNIRS on Intel(R) Dual Band Wireless-AC 7260...
INFO:root:Changed network configuration of Intel(R) Dual Band Wireless-AC 7260
	to ip-192.168.1.2; netmask-255.255.255.0; gateway-192.168.1.1
DEBUG:root:Print description...
