DEBUG:root:Checking elevation...
INFO:root:Restart progam and ask for elevation...
DEBUG:root:Checking elevation...
DEBUG:root:Elevation present.
DEBUG:root:Extracting physical network devices...
DEBUG:root:Creating GUI Frame...
DEBUG:root:Building GUI...
DEBUG:root:Start button pressed.
INFO:root:Setting trigger options...
INFO:root:Changing network configuration on Intel(R) Dual Band Wireless-AC 7260...
INFO:root:Changed network configuration of Intel(R) Dual Band Wireless-AC 7260
	to ip-192.168.1.20; netmask-255.255.255.0; gateway-192.168.1.1
INFO:root:Changing firewall configuration on port 10001...
DEBUG:root:Checking if firewall rule on port 10001 is present...
INFO:root:Setting firewall rule with name "HFU_Trigger_Server" to enabled...
INFO:root:Reset the trigger options...
INFO:root:Changing network configuration on Intel(R) Dual Band Wireless-AC 7260...
INFO:root:Changed network configuration of Intel(R) Dual Band Wireless-AC 7260
	to DHCP
INFO:root:Changing firewall configuration on port 10001...
DEBUG:root:Checking if firewall rule on port 10001 is present...
INFO:root:Setting firewall rule with name "HFU_Trigger_Server" to disabled...
DEBUG:root:Checking elevation...
INFO:root:Restart progam and ask for elevation...
DEBUG:root:Checking elevation...
DEBUG:root:Elevation present.
DEBUG:root:Extracting physical network devices...
DEBUG:root:Creating GUI Frame...
DEBUG:root:Building GUI...
DEBUG:root:Start button pressed.
INFO:root:Setting trigger options...
INFO:root:Changing network configuration on Intel(R) Ethernet Connection I218-V...
INFO:root:Changed network configuration of Intel(R) Ethernet Connection I218-V
	to ip-192.168.1.20; netmask-255.255.255.0; gateway-192.168.1.1
INFO:root:Changing firewall configuration on port 10001...
DEBUG:root:Checking if firewall rule on port 10001 is present...
INFO:root:Setting firewall rule with name "HFU_Trigger_Server" to enabled...
INFO:root:Sending trigger for device Motion to 192.168.1.5 on port 10001. system time: 1620814919.8116622
INFO:root:Trigger for device Motion successful. System time: 1620814919.8273146; Two-way-latency: 0.01565241813659668
INFO:root:Sending trigger for device Motion to 192.168.1.5 on port 10001. system time: 1620814922.9519293
INFO:root:Trigger for device Motion successful. System time: 1620814922.9675298; Two-way-latency: 0.015600442886352539
INFO:root:Sending trigger for device Motion to 192.168.1.5 on port 10001. system time: 1620814925.2271457
INFO:root:Trigger for device Motion successful. System time: 1620814925.2271457; Two-way-latency: 0.0
INFO:root:Reset the trigger options...
INFO:root:Changing network configuration on Intel(R) Ethernet Connection I218-V...
INFO:root:Changed network configuration of Intel(R) Ethernet Connection I218-V
	to DHCP
INFO:root:Changing firewall configuration on port 10001...
DEBUG:root:Checking if firewall rule on port 10001 is present...
INFO:root:Setting firewall rule with name "HFU_Trigger_Server" to disabled...
INFO:root:Reset the trigger options...
INFO:root:Changing network configuration on Intel(R) Ethernet Connection I218-V...
INFO:root:Changed network configuration of Intel(R) Ethernet Connection I218-V
	to DHCP
INFO:root:Changing firewall configuration on port 10001...
DEBUG:root:Checking if firewall rule on port 10001 is present...
INFO:root:Setting firewall rule with name "HFU_Trigger_Server" to disabled...
DEBUG:root:Checking elevation...
INFO:root:Restart progam and ask for elevation...
DEBUG:root:Checking elevation...
DEBUG:root:Elevation present.
DEBUG:root:Extracting physical network devices...
DEBUG:root:Creating GUI Frame...
DEBUG:root:Building GUI...
INFO:root:Reset the trigger options...
INFO:root:Changing network configuration on Intel(R) Dual Band Wireless-AC 7260...
INFO:root:Changed network configuration of Intel(R) Dual Band Wireless-AC 7260
	to DHCP
INFO:root:Changing firewall configuration on port 10001...
DEBUG:root:Checking if firewall rule on port 10001 is present...
INFO:root:Setting firewall rule with name "HFU_Trigger_Server" to disabled...
DEBUG:root:Checking elevation...
INFO:root:Restart progam and ask for elevation...
DEBUG:root:Checking elevation...
DEBUG:root:Elevation present.
DEBUG:root:Extracting physical network devices...
DEBUG:root:Creating GUI Frame...
DEBUG:root:Building GUI...
INFO:root:Reset the trigger options...
INFO:root:Changing network configuration on Intel(R) Dual Band Wireless-AC 7260...
INFO:root:Changed network configuration of Intel(R) Dual Band Wireless-AC 7260
	to DHCP
INFO:root:Changing firewall configuration on port 10001...
DEBUG:root:Checking if firewall rule on port 10001 is present...
INFO:root:Setting firewall rule with name "HFU_Trigger_Server" to disabled...
DEBUG:root:Checking elevation...
INFO:root:Restart progam and ask for elevation...
DEBUG:root:Checking elevation...
DEBUG:root:Elevation present.
DEBUG:root:Extracting physical network devices...
DEBUG:root:Creating GUI Frame...
DEBUG:root:Building GUI...
INFO:root:Reset the trigger options...
INFO:root:Changing network configuration on Intel(R) Dual Band Wireless-AC 7260...
INFO:root:Changed network configuration of Intel(R) Dual Band Wireless-AC 7260
	to DHCP
INFO:root:Changing firewall configuration on port 10001...
DEBUG:root:Checking if firewall rule on port 10001 is present...
INFO:root:Setting firewall rule with name "HFU_Trigger_Server" to disabled...
DEBUG:root:Checking elevation...
INFO:root:Restart progam and ask for elevation...
DEBUG:root:Checking elevation...
DEBUG:root:Elevation present.
DEBUG:root:Extracting physical network devices...
DEBUG:root:Creating GUI Frame...
DEBUG:root:Building GUI...
ERROR:root:ERROR during program execution!
Traceback (most recent call last):
  File "c:\Users\bijo\Documents\GitHub\ip-labor-trigger\hfu_trigger_client.py", line 44, in __init__
    self.build_gui()
  File "c:\Users\bijo\Documents\GitHub\ip-labor-trigger\hfu_trigger_client.py", line 118, in build_gui
    ttk.Separator(mainframe,orient=HORIZONTAL).grid(row=4, column=1, columnspan=2, sticky="ew")
AttributeError: module 'tkinter' has no attribute 'Separator'
DEBUG:root:Checking elevation...
INFO:root:Restart progam and ask for elevation...
DEBUG:root:Checking elevation...
DEBUG:root:Elevation present.
DEBUG:root:Extracting physical network devices...
DEBUG:root:Creating GUI Frame...
DEBUG:root:Building GUI...
INFO:root:Reset the trigger options...
INFO:root:Changing network configuration on Intel(R) Dual Band Wireless-AC 7260...
INFO:root:Changed network configuration of Intel(R) Dual Band Wireless-AC 7260
	to DHCP
INFO:root:Changing firewall configuration on port 10001...
DEBUG:root:Checking if firewall rule on port 10001 is present...
INFO:root:Setting firewall rule with name "HFU_Trigger_Server" to disabled...
DEBUG:root:Checking elevation...
INFO:root:Restart progam and ask for elevation...
DEBUG:root:Checking elevation...
DEBUG:root:Elevation present.
DEBUG:root:Extracting physical network devices...
DEBUG:root:Creating GUI Frame...
DEBUG:root:Building GUI...
INFO:root:Reset the trigger options...
INFO:root:Changing network configuration on Intel(R) Dual Band Wireless-AC 7260...
INFO:root:Changed network configuration of Intel(R) Dual Band Wireless-AC 7260
	to DHCP
INFO:root:Changing firewall configuration on port 10001...
DEBUG:root:Checking if firewall rule on port 10001 is present...
INFO:root:Setting firewall rule with name "HFU_Trigger_Server" to disabled...
DEBUG:root:Checking elevation...
INFO:root:Restart progam and ask for elevation...
DEBUG:root:Checking elevation...
DEBUG:root:Elevation present.
DEBUG:root:Extracting physical network devices...
DEBUG:root:Creating GUI Frame...
DEBUG:root:Building GUI...
DEBUG:root:Start button pressed.
INFO:root:Setting trigger options...
INFO:root:Changing network configuration on Intel(R) Ethernet Connection I218-V...
INFO:root:Changed network configuration of Intel(R) Ethernet Connection I218-V
	to ip-192.168.1.20; netmask-255.255.255.0; gateway-192.168.1.1
INFO:root:Changing firewall configuration on port 10001...
DEBUG:root:Checking if firewall rule on port 10001 is present...
INFO:root:Setting firewall rule with name "HFU_Trigger_Server" to enabled...
INFO:root:Reset the trigger options...
INFO:root:Changing network configuration on Intel(R) Ethernet Connection I218-V...
INFO:root:Changed network configuration of Intel(R) Ethernet Connection I218-V
	to DHCP
INFO:root:Changing firewall configuration on port 10001...
DEBUG:root:Checking if firewall rule on port 10001 is present...
INFO:root:Setting firewall rule with name "HFU_Trigger_Server" to disabled...
DEBUG:root:Checking elevation...
INFO:root:Restart progam and ask for elevation...
DEBUG:root:Checking elevation...
DEBUG:root:Elevation present.
DEBUG:root:Extracting physical network devices...
DEBUG:root:Creating GUI Frame...
DEBUG:root:Building GUI...
DEBUG:root:Start button pressed.
INFO:root:Setting trigger options...
INFO:root:Changing network configuration on Intel(R) Ethernet Connection I218-V...
INFO:root:Changed network configuration of Intel(R) Ethernet Connection I218-V
	to ip-192.168.1.20; netmask-255.255.255.0; gateway-192.168.1.1
INFO:root:Changing firewall configuration on port 10001...
DEBUG:root:Checking if firewall rule on port 10001 is present...
INFO:root:Setting firewall rule with name "HFU_Trigger_Server" to enabled...
INFO:root:Sending trigger for device Motion to 192.168.1.5 on port 10001. system time: 1620833415412
INFO:root:Sending trigger for device Movisens to 192.168.1.3 on port 10001. system time: 1620833415412
INFO:root:Trigger for device Motion successful. System time: 1620833415412; Two-way-latency: 0ms
INFO:root:Trigger for device Movisens successful. System time: 1620833415427; Two-way-latency: 15ms
INFO:root:Sending trigger for device Motion to 192.168.1.5 on port 10001. system time: 1620836070087
INFO:root:Sending trigger for device Movisens to 192.168.1.3 on port 10001. system time: 1620836070087
INFO:root:Trigger for device Motion successful. System time: 1620836070087; Two-way-latency: 0ms
INFO:root:Trigger for device Movisens successful. System time: 1620836070087; Two-way-latency: 0ms
INFO:root:Sending trigger for device Motion to 192.168.1.5 on port 10001. system time: 1620836204421
INFO:root:Sending trigger for device Movisens to 192.168.1.3 on port 10001. system time: 1620836204421
INFO:root:Trigger for device Motion successful. System time: 1620836204436; Two-way-latency: 15ms
INFO:root:Trigger for device Movisens successful. System time: 1620836204436; Two-way-latency: 15ms
INFO:root:Sending trigger for device Motion to 192.168.1.5 on port 10001. system time: 1620836520544
INFO:root:Sending trigger for device Movisens to 192.168.1.3 on port 10001. system time: 1620836520544
INFO:root:Trigger for device Motion successful. System time: 1620836520560; Two-way-latency: 16ms
INFO:root:Trigger for device Movisens successful. System time: 1620836520560; Two-way-latency: 16ms
INFO:root:Sending trigger for device Motion to 192.168.1.5 on port 10001. system time: 1620836649131
INFO:root:Sending trigger for device Movisens to 192.168.1.3 on port 10001. system time: 1620836649131
INFO:root:Trigger for device Motion successful. System time: 1620836649131; Two-way-latency: 0ms
INFO:root:Trigger for device Movisens successful. System time: 1620836649146; Two-way-latency: 15ms
INFO:root:Sending trigger for device Motion to 192.168.1.5 on port 10001. system time: 1620836810747
INFO:root:Sending trigger for device Movisens to 192.168.1.3 on port 10001. system time: 1620836810747
INFO:root:Trigger for device Motion successful. System time: 1620836810754; Two-way-latency: 7ms
INFO:root:Trigger for device Movisens successful. System time: 1620836810754; Two-way-latency: 7ms
INFO:root:Sending trigger for device Motion to 192.168.1.5 on port 10001. system time: 1620836947416
INFO:root:Sending trigger for device Movisens to 192.168.1.3 on port 10001. system time: 1620836947416
INFO:root:Trigger for device Motion successful. System time: 1620836947416; Two-way-latency: 0ms
INFO:root:Trigger for device Movisens successful. System time: 1620836947431; Two-way-latency: 15ms
INFO:root:Sending trigger for device Motion to 192.168.1.5 on port 10001. system time: 1620837110563
INFO:root:Sending trigger for device Movisens to 192.168.1.3 on port 10001. system time: 1620837110563
INFO:root:Trigger for device Motion successful. System time: 1620837110563; Two-way-latency: 0ms
INFO:root:Trigger for device Movisens successful. System time: 1620837110579; Two-way-latency: 16ms
INFO:root:Sending trigger for device Motion to 192.168.1.5 on port 10001. system time: 1620837236381
INFO:root:Sending trigger for device Movisens to 192.168.1.3 on port 10001. system time: 1620837236381
INFO:root:Trigger for device Motion successful. System time: 1620837236381; Two-way-latency: 0ms
INFO:root:Trigger for device Movisens successful. System time: 1620837236396; Two-way-latency: 15ms
INFO:root:Sending trigger for device Motion to 192.168.1.5 on port 10001. system time: 1620837393857
INFO:root:Sending trigger for device Movisens to 192.168.1.3 on port 10001. system time: 1620837393857
INFO:root:Trigger for device Motion successful. System time: 1620837393857; Two-way-latency: 0ms
INFO:root:Trigger for device Movisens successful. System time: 1620837393864; Two-way-latency: 7ms
INFO:root:Sending trigger for device Motion to 192.168.1.5 on port 10001. system time: 1620837521620
INFO:root:Sending trigger for device Movisens to 192.168.1.3 on port 10001. system time: 1620837521620
INFO:root:Trigger for device Motion successful. System time: 1620837521620; Two-way-latency: 0ms
INFO:root:Trigger for device Movisens successful. System time: 1620837521636; Two-way-latency: 16ms
INFO:root:Reset the trigger options...
INFO:root:Changing network configuration on Intel(R) Ethernet Connection I218-V...
INFO:root:Changed network configuration of Intel(R) Ethernet Connection I218-V
	to DHCP
INFO:root:Changing firewall configuration on port 10001...
DEBUG:root:Checking if firewall rule on port 10001 is present...
INFO:root:Setting firewall rule with name "HFU_Trigger_Server" to disabled...
