DEBUG:root:Checking elevation...
INFO:root:Restart progam and ask for elevation...
DEBUG:root:Checking elevation...
DEBUG:root:Elevation present.
DEBUG:root:Checking elevation...
INFO:root:Restart progam and ask for elevation...
DEBUG:root:Checking elevation...
DEBUG:root:Elevation present.
DEBUG:root:Checking elevation...
INFO:root:Restart progam and ask for elevation...
DEBUG:root:Checking elevation...
DEBUG:root:Elevation present.
DEBUG:root:Checking elevation...
INFO:root:Restart progam and ask for elevation...
DEBUG:root:Checking elevation...
DEBUG:root:Elevation present.
DEBUG:root:Checking elevation...
INFO:root:Restart progam and ask for elevation...
DEBUG:root:Checking elevation...
DEBUG:root:Elevation present.
DEBUG:root:Checking elevation...
INFO:root:Restart progam and ask for elevation...
DEBUG:root:Checking elevation...
DEBUG:root:Elevation present.
DEBUG:root:Checking elevation...
INFO:root:Restart progam and ask for elevation...
DEBUG:root:Checking elevation...
DEBUG:root:Elevation present.
DEBUG:root:Checking elevation...
INFO:root:Restart progam and ask for elevation...
DEBUG:root:Checking elevation...
DEBUG:root:Elevation present.
DEBUG:root:Checking elevation...
INFO:root:Restart progam and ask for elevation...
DEBUG:root:Checking elevation...
DEBUG:root:Elevation present.
DEBUG:root:Checking elevation...
INFO:root:Restart progam and ask for elevation...
DEBUG:root:Checking elevation...
DEBUG:root:Elevation present.
DEBUG:root:Checking elevation...
INFO:root:Restart progam and ask for elevation...
DEBUG:root:Checking elevation...
DEBUG:root:Elevation present.
DEBUG:root:Checking elevation...
INFO:root:Restart progam and ask for elevation...
DEBUG:root:Checking elevation...
DEBUG:root:Elevation present.
DEBUG:root:Checking elevation...
INFO:root:Restart progam and ask for elevation...
DEBUG:root:Checking elevation...
DEBUG:root:Elevation present.
DEBUG:root:Checking elevation...
INFO:root:Restart progam and ask for elevation...
DEBUG:root:Checking elevation...
DEBUG:root:Elevation present.
DEBUG:root:Checking elevation...
INFO:root:Restart progam and ask for elevation...
DEBUG:root:Checking elevation...
DEBUG:root:Elevation present.
DEBUG:root:Checking elevation...
INFO:root:Restart progam and ask for elevation...
DEBUG:root:Checking elevation...
DEBUG:root:Elevation present.
DEBUG:root:Checking elevation...
INFO:root:Restart progam and ask for elevation...
DEBUG:root:Checking elevation...
DEBUG:root:Elevation present.
DEBUG:root:Checking elevation...
INFO:root:Restart progam and ask for elevation...
DEBUG:root:Checking elevation...
DEBUG:root:Elevation present.
DEBUG:root:Checking elevation...
INFO:root:Restart progam and ask for elevation...
DEBUG:root:Checking elevation...
DEBUG:root:Elevation present.
DEBUG:root:Checking elevation...
INFO:root:Restart progam and ask for elevation...
DEBUG:root:Checking elevation...
DEBUG:root:Elevation present.
DEBUG:root:Checking elevation...
INFO:root:Restart progam and ask for elevation...
DEBUG:root:Checking elevation...
DEBUG:root:Elevation present.
DEBUG:root:Checking elevation...
INFO:root:Restart progam and ask for elevation...
DEBUG:root:Checking elevation...
DEBUG:root:Elevation present.
DEBUG:root:Extracting physical network devices...
DEBUG:root:Creating GUI Frame...
DEBUG:root:Building GUI...
DEBUG:root:Start button pressed.
INFO:root:Starting server thread...
DEBUG:root:Checking elevation...
INFO:root:Restart progam and ask for elevation...
DEBUG:root:Checking elevation...
DEBUG:root:Elevation present.
DEBUG:root:Extracting physical network devices...
DEBUG:root:Creating GUI Frame...
DEBUG:root:Building GUI...
DEBUG:root:Start button pressed.
INFO:root:Starting server thread...
INFO:root:Changing network configuration for Motiontracker/EMG on Intel(R) Dual Band Wireless-AC 7260...
INFO:root:Changed network configuration of Intel(R) Dual Band Wireless-AC 7260
	to ip-192.168.1.5; netmask-255.255.255.0; gateway-192.168.1.1
DEBUG:root:Print description...
DEBUG:root:Checking elevation...
INFO:root:Restart progam and ask for elevation...
DEBUG:root:Checking elevation...
DEBUG:root:Elevation present.
DEBUG:root:Extracting physical network devices...
DEBUG:root:Creating GUI Frame...
DEBUG:root:Building GUI...
DEBUG:root:Start button pressed.
INFO:root:Starting server thread...
INFO:root:Changing network configuration for fNIRS on Intel(R) Dual Band Wireless-AC 7260...
INFO:root:Changed network configuration of Intel(R) Dual Band Wireless-AC 7260
	to ip-192.168.1.2; netmask-255.255.255.0; gateway-192.168.1.1
DEBUG:root:Print description...
DEBUG:root:Checking elevation...
INFO:root:Restart progam and ask for elevation...
DEBUG:root:Checking elevation...
INFO:root:Restart progam and ask for elevation...
DEBUG:root:Checking elevation...
INFO:root:Restart progam and ask for elevation...
DEBUG:root:Checking elevation...
DEBUG:root:Elevation present.
DEBUG:root:Extracting physical network devices...
INFO:root:Changing firewall configuration on port 10001...
ERROR:root:ERROR during program execution!
Traceback (most recent call last):
  File "c:\Users\bijo\Documents\GitHub\ip-labor-trigger\trigger.py", line 46, in __init__
    self.set_firewall_rule(10001)
  File "c:\Users\bijo\Documents\GitHub\ip-labor-trigger\trigger.py", line 355, in set_firewall_rule
    proc_check_present = subprocess.run(
  File "C:\Users\bijo\Documents\GitHub\ip-labor-trigger\Python39\lib\subprocess.py", line 528, in run
    raise CalledProcessError(retcode, process.args,
subprocess.CalledProcessError: Command '['netsh', 'advfirewall', 'firewall', 'show', 'rule', "name=('** TCP Port ', 10001)"]' returned non-zero exit status 1.
DEBUG:root:Checking elevation...
INFO:root:Restart progam and ask for elevation...
DEBUG:root:Checking elevation...
DEBUG:root:Elevation present.
DEBUG:root:Extracting physical network devices...
DEBUG:root:Creating GUI Frame...
DEBUG:root:Building GUI...
INFO:root:Changing firewall configuration on port 10001...
ERROR:root:ERROR during program execution!
Traceback (most recent call last):
  File "c:\Users\bijo\Documents\GitHub\ip-labor-trigger\trigger.py", line 52, in __init__
    self.set_firewall_rule(10001)
  File "c:\Users\bijo\Documents\GitHub\ip-labor-trigger\trigger.py", line 354, in set_firewall_rule
    proc_check_present = subprocess.run(
  File "C:\Users\bijo\Documents\GitHub\ip-labor-trigger\Python39\lib\subprocess.py", line 528, in run
    raise CalledProcessError(retcode, process.args,
subprocess.CalledProcessError: Command '['netsh', 'advfirewall', 'firewall', 'show', 'rule', "name=('** TCP Port ', 10001)"]' returned non-zero exit status 1.
DEBUG:root:Checking elevation...
INFO:root:Restart progam and ask for elevation...
DEBUG:root:Checking elevation...
DEBUG:root:Elevation present.
DEBUG:root:Extracting physical network devices...
DEBUG:root:Creating GUI Frame...
DEBUG:root:Building GUI...
DEBUG:root:Checking elevation...
INFO:root:Restart progam and ask for elevation...
DEBUG:root:Checking elevation...
DEBUG:root:Elevation present.
DEBUG:root:Extracting physical network devices...
DEBUG:root:Creating GUI Frame...
DEBUG:root:Building GUI...
INFO:root:Changing firewall configuration on port 10001...
ERROR:root:ERROR during program execution!
Traceback (most recent call last):
  File "c:\Users\bijo\Documents\GitHub\ip-labor-trigger\trigger.py", line 53, in __init__
    self.set_firewall_rule(10001)
  File "c:\Users\bijo\Documents\GitHub\ip-labor-trigger\trigger.py", line 354, in set_firewall_rule
    proc_check_present = subprocess.run(
  File "C:\Users\bijo\Documents\GitHub\ip-labor-trigger\Python39\lib\subprocess.py", line 528, in run
    raise CalledProcessError(retcode, process.args,
subprocess.CalledProcessError: Command '['netsh', 'advfirewall', 'firewall', 'show', 'rule', "name=('** TCP Port ', 10001)"]' returned non-zero exit status 1.
DEBUG:root:Checking elevation...
INFO:root:Restart progam and ask for elevation...
DEBUG:root:Checking elevation...
DEBUG:root:Elevation present.
DEBUG:root:Extracting physical network devices...
DEBUG:root:Creating GUI Frame...
DEBUG:root:Building GUI...
INFO:root:Changing firewall configuration on port 10001...
DEBUG:root:Checking elevation...
INFO:root:Restart progam and ask for elevation...
DEBUG:root:Checking elevation...
DEBUG:root:Elevation present.
DEBUG:root:Extracting physical network devices...
DEBUG:root:Creating GUI Frame...
DEBUG:root:Building GUI...
INFO:root:Changing firewall configuration on port 10001...
INFO:root:Changing firewall configuration on port 10001...
DEBUG:root:Checking elevation...
INFO:root:Restart progam and ask for elevation...
DEBUG:root:Checking elevation...
DEBUG:root:Elevation present.
DEBUG:root:Extracting physical network devices...
DEBUG:root:Creating GUI Frame...
DEBUG:root:Building GUI...
INFO:root:Changing firewall configuration on port 10001...
INFO:root:Changing firewall configuration on port 10001...
DEBUG:root:Checking elevation...
INFO:root:Restart progam and ask for elevation...
DEBUG:root:Checking elevation...
DEBUG:root:Elevation present.
DEBUG:root:Extracting physical network devices...
DEBUG:root:Creating GUI Frame...
DEBUG:root:Building GUI...
INFO:root:Changing firewall configuration on port 10001...
DEBUG:root:Checking elevation...
INFO:root:Restart progam and ask for elevation...
DEBUG:root:Checking elevation...
DEBUG:root:Elevation present.
DEBUG:root:Extracting physical network devices...
DEBUG:root:Creating GUI Frame...
DEBUG:root:Building GUI...
INFO:root:Changing firewall configuration on port 10001...
DEBUG:root:Checking elevation...
INFO:root:Restart progam and ask for elevation...
DEBUG:root:Checking elevation...
DEBUG:root:Elevation present.
DEBUG:root:Extracting physical network devices...
DEBUG:root:Creating GUI Frame...
DEBUG:root:Building GUI...
INFO:root:Changing firewall configuration on port 10001...
DEBUG:root:Checking elevation...
INFO:root:Restart progam and ask for elevation...
DEBUG:root:Checking elevation...
INFO:root:Restart progam and ask for elevation...
DEBUG:root:Checking elevation...
DEBUG:root:Elevation present.
DEBUG:root:Extracting physical network devices...
DEBUG:root:Creating GUI Frame...
DEBUG:root:Building GUI...
INFO:root:Changing firewall configuration on port 10001...
DEBUG:root:Checking elevation...
INFO:root:Restart progam and ask for elevation...
DEBUG:root:Checking elevation...
DEBUG:root:Elevation present.
DEBUG:root:Extracting physical network devices...
DEBUG:root:Creating GUI Frame...
DEBUG:root:Building GUI...
INFO:root:Changing firewall configuration on port 10001...
INFO:root:Changing firewall configuration on port 10001...
DEBUG:root:Checking elevation...
INFO:root:Restart progam and ask for elevation...
DEBUG:root:Checking elevation...
DEBUG:root:Elevation present.
DEBUG:root:Extracting physical network devices...
DEBUG:root:Creating GUI Frame...
DEBUG:root:Building GUI...
INFO:root:Changing firewall configuration on port 10001...
INFO:root:Changing firewall configuration on port 10001...
DEBUG:root:Checking elevation...
INFO:root:Restart progam and ask for elevation...
DEBUG:root:Checking elevation...
DEBUG:root:Elevation present.
DEBUG:root:Extracting physical network devices...
DEBUG:root:Creating GUI Frame...
DEBUG:root:Building GUI...
INFO:root:Changing firewall configuration on port 10001...
INFO:root:Changing firewall configuration on port 10001...
DEBUG:root:Checking elevation...
INFO:root:Restart progam and ask for elevation...
DEBUG:root:Checking elevation...
DEBUG:root:Elevation present.
DEBUG:root:Extracting physical network devices...
DEBUG:root:Creating GUI Frame...
DEBUG:root:Building GUI...
INFO:root:Changing firewall configuration on port 10001...
INFO:root:Changing firewall configuration on port 10001...
DEBUG:root:Checking elevation...
INFO:root:Restart progam and ask for elevation...
DEBUG:root:Checking elevation...
DEBUG:root:Elevation present.
DEBUG:root:Extracting physical network devices...
DEBUG:root:Creating GUI Frame...
DEBUG:root:Building GUI...
INFO:root:Changing firewall configuration on port 10001...
INFO:root:Changing firewall configuration on port 10001...
DEBUG:root:Checking elevation...
INFO:root:Restart progam and ask for elevation...
DEBUG:root:Checking elevation...
DEBUG:root:Elevation present.
DEBUG:root:Extracting physical network devices...
DEBUG:root:Creating GUI Frame...
DEBUG:root:Building GUI...
INFO:root:Changing firewall configuration on port 10001...
DEBUG:root:Checking elevation...
INFO:root:Restart progam and ask for elevation...
DEBUG:root:Checking elevation...
DEBUG:root:Elevation present.
DEBUG:root:Extracting physical network devices...
DEBUG:root:Creating GUI Frame...
DEBUG:root:Building GUI...
INFO:root:Changing firewall configuration on port 10001...
DEBUG:root:Checking elevation...
INFO:root:Restart progam and ask for elevation...
DEBUG:root:Checking elevation...
DEBUG:root:Elevation present.
DEBUG:root:Extracting physical network devices...
DEBUG:root:Creating GUI Frame...
DEBUG:root:Building GUI...
INFO:root:Changing firewall configuration on port 10001...
INFO:root:Changing firewall configuration on port 10001...
DEBUG:root:Checking elevation...
INFO:root:Restart progam and ask for elevation...
DEBUG:root:Checking elevation...
DEBUG:root:Elevation present.
DEBUG:root:Extracting physical network devices...
DEBUG:root:Creating GUI Frame...
DEBUG:root:Building GUI...
INFO:root:Resetting network and firewall options...
INFO:root:Changing network configuration for fNIRS on Intel(R) Dual Band Wireless-AC 7260...
DEBUG:root:Checking elevation...
INFO:root:Restart progam and ask for elevation...
DEBUG:root:Checking elevation...
DEBUG:root:Elevation present.
DEBUG:root:Extracting physical network devices...
DEBUG:root:Creating GUI Frame...
DEBUG:root:Building GUI...
INFO:root:Resetting network and firewall options...
INFO:root:Changing network configuration for fNIRS on Intel(R) Dual Band Wireless-AC 7260...
DEBUG:root:Checking elevation...
INFO:root:Restart progam and ask for elevation...
DEBUG:root:Checking elevation...
DEBUG:root:Elevation present.
DEBUG:root:Extracting physical network devices...
DEBUG:root:Creating GUI Frame...
DEBUG:root:Building GUI...
INFO:root:Resetting network and firewall options...
INFO:root:Changing network configuration for fNIRS on Intel(R) Dual Band Wireless-AC 7260...
DEBUG:root:Checking elevation...
INFO:root:Restart progam and ask for elevation...
DEBUG:root:Checking elevation...
DEBUG:root:Elevation present.
DEBUG:root:Extracting physical network devices...
DEBUG:root:Creating GUI Frame...
DEBUG:root:Building GUI...
INFO:root:Resetting network and firewall options...
INFO:root:Changing network configuration for fNIRS on Intel(R) Dual Band Wireless-AC 7260...
DEBUG:root:Checking elevation...
INFO:root:Restart progam and ask for elevation...
DEBUG:root:Checking elevation...
DEBUG:root:Elevation present.
DEBUG:root:Extracting physical network devices...
DEBUG:root:Creating GUI Frame...
DEBUG:root:Building GUI...
INFO:root:Resetting network and firewall options...
INFO:root:Changing network configuration for fNIRS on Intel(R) Dual Band Wireless-AC 7260...
DEBUG:root:Checking elevation...
INFO:root:Restart progam and ask for elevation...
DEBUG:root:Checking elevation...
DEBUG:root:Elevation present.
DEBUG:root:Extracting physical network devices...
DEBUG:root:Creating GUI Frame...
DEBUG:root:Building GUI...
INFO:root:Resetting network and firewall options...
INFO:root:Changing network configuration for fNIRS on Intel(R) Dual Band Wireless-AC 7260...
INFO:root:Changed network configuration of Intel(R) Dual Band Wireless-AC 7260
	to DHCP
INFO:root:Changing firewall configuration on port 10001...
DEBUG:root:Checking if firewall rule on port 10001 is present...
INFO:root:Setting firewall rule with name "HFU_Trigger_Server" to disabled...
DEBUG:root:Checking elevation...
INFO:root:Restart progam and ask for elevation...
DEBUG:root:Checking elevation...
DEBUG:root:Elevation present.
DEBUG:root:Extracting physical network devices...
DEBUG:root:Creating GUI Frame...
DEBUG:root:Building GUI...
INFO:root:Resetting network and firewall options...
INFO:root:Changing network configuration for fNIRS on Intel(R) Dual Band Wireless-AC 7260...
INFO:root:Changed network configuration of Intel(R) Dual Band Wireless-AC 7260
	to DHCP
INFO:root:Changing firewall configuration on port 10001...
DEBUG:root:Checking if firewall rule on port 10001 is present...
INFO:root:Setting firewall rule with name "HFU_Trigger_Server" to disabled...
DEBUG:root:Checking elevation...
INFO:root:Restart progam and ask for elevation...
DEBUG:root:Checking elevation...
DEBUG:root:Elevation present.
DEBUG:root:Extracting physical network devices...
DEBUG:root:Creating GUI Frame...
DEBUG:root:Building GUI...
INFO:root:Resetting network and firewall options...
INFO:root:Changing network configuration for fNIRS on Intel(R) Dual Band Wireless-AC 7260...
DEBUG:root:Checking elevation...
INFO:root:Restart progam and ask for elevation...
DEBUG:root:Checking elevation...
DEBUG:root:Elevation present.
DEBUG:root:Extracting physical network devices...
DEBUG:root:Creating GUI Frame...
DEBUG:root:Building GUI...
DEBUG:root:Start button pressed.
INFO:root:Starting server thread...
INFO:root:Server for fNIRS selected...
INFO:root:Changing network configuration for fNIRS on Intel(R) Dual Band Wireless-AC 7260...
INFO:root:Changed network configuration of Intel(R) Dual Band Wireless-AC 7260
	to ip-192.168.1.2; netmask-255.255.255.0; gateway-192.168.1.1
INFO:root:Changing firewall configuration on port 10001...
DEBUG:root:Checking if firewall rule on port 10001 is present...
INFO:root:Setting firewall rule with name "HFU_Trigger_Server" to enabled...
DEBUG:root:Print description...
INFO:root:Starting up trigger server on 192.168.1.2 on 10001
INFO:root:Stopping the server thread...
INFO:root:Resetting network and firewall options...
INFO:root:Changing network configuration for fNIRS on Intel(R) Dual Band Wireless-AC 7260...
DEBUG:root:Checking elevation...
INFO:root:Restart progam and ask for elevation...
DEBUG:root:Checking elevation...
DEBUG:root:Elevation present.
DEBUG:root:Extracting physical network devices...
DEBUG:root:Creating GUI Frame...
DEBUG:root:Building GUI...
DEBUG:root:Start button pressed.
INFO:root:Starting server thread...
INFO:root:Server for fNIRS selected...
INFO:root:Changing network configuration for fNIRS on Intel(R) Dual Band Wireless-AC 7260...
INFO:root:Changed network configuration of Intel(R) Dual Band Wireless-AC 7260
	to ip-192.168.1.2; netmask-255.255.255.0; gateway-192.168.1.1
INFO:root:Changing firewall configuration on port 10001...
DEBUG:root:Checking if firewall rule on port 10001 is present...
INFO:root:Setting firewall rule with name "HFU_Trigger_Server" to enabled...
DEBUG:root:Print description...
INFO:root:Starting up trigger server on 192.168.1.2 on 10001
INFO:root:Stopping the server thread...
INFO:root:Resetting network and firewall options...
INFO:root:Changing network configuration for fNIRS on Intel(R) Dual Band Wireless-AC 7260...
INFO:root:Changed network configuration of Intel(R) Dual Band Wireless-AC 7260
	to DHCP
INFO:root:Changing firewall configuration on port 10001...
DEBUG:root:Checking if firewall rule on port 10001 is present...
INFO:root:Setting firewall rule with name "HFU_Trigger_Server" to disabled...
DEBUG:root:Start button pressed.
INFO:root:Starting server thread...
DEBUG:root:Checking elevation...
INFO:root:Restart progam and ask for elevation...
DEBUG:root:Checking elevation...
DEBUG:root:Elevation present.
DEBUG:root:Extracting physical network devices...
DEBUG:root:Creating GUI Frame...
DEBUG:root:Building GUI...
DEBUG:root:Start button pressed.
INFO:root:Starting server thread...
INFO:root:Server for fNIRS selected...
INFO:root:Changing network configuration for fNIRS on Intel(R) Dual Band Wireless-AC 7260...
INFO:root:Changed network configuration of Intel(R) Dual Band Wireless-AC 7260
	to ip-192.168.1.2; netmask-255.255.255.0; gateway-192.168.1.1
INFO:root:Changing firewall configuration on port 10001...
DEBUG:root:Checking if firewall rule on port 10001 is present...
INFO:root:Setting firewall rule with name "HFU_Trigger_Server" to enabled...
DEBUG:root:Print description...
INFO:root:Starting up trigger server on 192.168.1.2 on 10001
INFO:root:Stopping the server thread...
INFO:root:Resetting network and firewall options...
INFO:root:Changing network configuration for fNIRS on Intel(R) Dual Band Wireless-AC 7260...
INFO:root:Changed network configuration of Intel(R) Dual Band Wireless-AC 7260
	to DHCP
INFO:root:Changing firewall configuration on port 10001...
DEBUG:root:Checking if firewall rule on port 10001 is present...
INFO:root:Setting firewall rule with name "HFU_Trigger_Server" to disabled...
DEBUG:root:Checking elevation...
INFO:root:Restart progam and ask for elevation...
DEBUG:root:Checking elevation...
INFO:root:Restart progam and ask for elevation...
DEBUG:root:Checking elevation...
DEBUG:root:Elevation present.
DEBUG:root:Extracting physical network devices...
DEBUG:root:Creating GUI Frame...
DEBUG:root:Building GUI...
DEBUG:root:Start button pressed.
INFO:root:Starting server thread...
INFO:root:Server for fNIRS selected...
INFO:root:Changing network configuration for fNIRS on Intel(R) Dual Band Wireless-AC 7260...
INFO:root:Changed network configuration of Intel(R) Dual Band Wireless-AC 7260
	to ip-192.168.1.2; netmask-255.255.255.0; gateway-192.168.1.1
INFO:root:Changing firewall configuration on port 10001...
DEBUG:root:Checking if firewall rule on port 10001 is present...
INFO:root:Setting firewall rule with name "HFU_Trigger_Server" to enabled...
DEBUG:root:Print description...
INFO:root:Starting up trigger server on 192.168.1.2 on 10001
INFO:root:Stopping the server thread...
INFO:root:Resetting network and firewall options...
INFO:root:Changing network configuration for fNIRS on Intel(R) Dual Band Wireless-AC 7260...
INFO:root:Changed network configuration of Intel(R) Dual Band Wireless-AC 7260
	to DHCP
INFO:root:Changing firewall configuration on port 10001...
DEBUG:root:Checking if firewall rule on port 10001 is present...
INFO:root:Setting firewall rule with name "HFU_Trigger_Server" to disabled...
DEBUG:root:Checking elevation...
INFO:root:Restart progam and ask for elevation...
DEBUG:root:Checking elevation...
DEBUG:root:Elevation present.
DEBUG:root:Extracting physical network devices...
DEBUG:root:Creating GUI Frame...
DEBUG:root:Building GUI...
DEBUG:root:Start button pressed.
INFO:root:Starting server thread...
INFO:root:Server for fNIRS selected...
INFO:root:Changing network configuration for fNIRS on Intel(R) Dual Band Wireless-AC 7260...
INFO:root:Changed network configuration of Intel(R) Dual Band Wireless-AC 7260
	to ip-192.168.1.2; netmask-255.255.255.0; gateway-192.168.1.1
INFO:root:Changing firewall configuration on port 10001...
DEBUG:root:Checking if firewall rule on port 10001 is present...
INFO:root:Setting firewall rule with name "HFU_Trigger_Server" to enabled...
DEBUG:root:Print description...
INFO:root:Starting up trigger server on 192.168.1.2 on 10001
INFO:root:Stopping the server thread...
INFO:root:Resetting network and firewall options...
INFO:root:Changing network configuration for fNIRS on Intel(R) Dual Band Wireless-AC 7260...
INFO:root:Changed network configuration of Intel(R) Dual Band Wireless-AC 7260
	to DHCP
INFO:root:Changing firewall configuration on port 10001...
DEBUG:root:Checking if firewall rule on port 10001 is present...
INFO:root:Setting firewall rule with name "HFU_Trigger_Server" to disabled...
DEBUG:root:Checking elevation...
INFO:root:Restart progam and ask for elevation...
DEBUG:root:Checking elevation...
DEBUG:root:Elevation present.
DEBUG:root:Extracting physical network devices...
DEBUG:root:Creating GUI Frame...
DEBUG:root:Building GUI...
DEBUG:root:Start button pressed.
INFO:root:Starting server thread...
INFO:root:Server for fNIRS selected...
INFO:root:Changing network configuration for fNIRS on Intel(R) Dual Band Wireless-AC 7260...
INFO:root:Changed network configuration of Intel(R) Dual Band Wireless-AC 7260
	to ip-192.168.1.2; netmask-255.255.255.0; gateway-192.168.1.1
INFO:root:Changing firewall configuration on port 10001...
DEBUG:root:Checking if firewall rule on port 10001 is present...
INFO:root:Setting firewall rule with name "HFU_Trigger_Server" to enabled...
DEBUG:root:Print description...
INFO:root:Starting up trigger server on 192.168.1.2 on 10001
INFO:root:Stopping the server thread...
INFO:root:Resetting network and firewall options...
INFO:root:Changing network configuration for fNIRS on Intel(R) Dual Band Wireless-AC 7260...
INFO:root:Changed network configuration of Intel(R) Dual Band Wireless-AC 7260
	to DHCP
INFO:root:Changing firewall configuration on port 10001...
DEBUG:root:Checking if firewall rule on port 10001 is present...
INFO:root:Setting firewall rule with name "HFU_Trigger_Server" to disabled...
INFO:root:Resetting network and firewall options...
INFO:root:Changing network configuration for fNIRS on Intel(R) Dual Band Wireless-AC 7260...
INFO:root:Changed network configuration of Intel(R) Dual Band Wireless-AC 7260
	to DHCP
INFO:root:Changing firewall configuration on port 10001...
DEBUG:root:Checking if firewall rule on port 10001 is present...
INFO:root:Setting firewall rule with name "HFU_Trigger_Server" to disabled...
DEBUG:root:Checking elevation...
INFO:root:Restart progam and ask for elevation...
DEBUG:root:Checking elevation...
DEBUG:root:Elevation present.
DEBUG:root:Extracting physical network devices...
DEBUG:root:Creating GUI Frame...
DEBUG:root:Building GUI...
DEBUG:root:Start button pressed.
INFO:root:Starting server thread...
INFO:root:Server for fNIRS selected...
INFO:root:Changing network configuration for fNIRS on Intel(R) Dual Band Wireless-AC 7260...
INFO:root:Changed network configuration of Intel(R) Dual Band Wireless-AC 7260
	to ip-192.168.1.2; netmask-255.255.255.0; gateway-192.168.1.1
INFO:root:Changing firewall configuration on port 10001...
DEBUG:root:Checking if firewall rule on port 10001 is present...
INFO:root:Setting firewall rule with name "HFU_Trigger_Server" to enabled...
DEBUG:root:Print description...
INFO:root:Starting up trigger server on 192.168.1.2 on 10001
INFO:root:Stopping the server thread...
INFO:root:Resetting network and firewall options...
INFO:root:Changing network configuration for fNIRS on Intel(R) Dual Band Wireless-AC 7260...
INFO:root:Changed network configuration of Intel(R) Dual Band Wireless-AC 7260
	to DHCP
INFO:root:Changing firewall configuration on port 10001...
DEBUG:root:Checking if firewall rule on port 10001 is present...
INFO:root:Setting firewall rule with name "HFU_Trigger_Server" to disabled...
INFO:root:Resetting network and firewall options...
INFO:root:Changing network configuration for fNIRS on Intel(R) Dual Band Wireless-AC 7260...
INFO:root:Changed network configuration of Intel(R) Dual Band Wireless-AC 7260
	to DHCP
INFO:root:Changing firewall configuration on port 10001...
DEBUG:root:Checking if firewall rule on port 10001 is present...
INFO:root:Setting firewall rule with name "HFU_Trigger_Server" to disabled...
DEBUG:root:Checking elevation...
INFO:root:Restart progam and ask for elevation...
DEBUG:root:Checking elevation...
DEBUG:root:Elevation present.
DEBUG:root:Extracting physical network devices...
DEBUG:root:Creating GUI Frame...
DEBUG:root:Building GUI...
DEBUG:root:Start button pressed.
INFO:root:Starting server thread...
INFO:root:Server for fNIRS selected...
INFO:root:Changing network configuration for fNIRS on Intel(R) Dual Band Wireless-AC 7260...
INFO:root:Changed network configuration of Intel(R) Dual Band Wireless-AC 7260
	to ip-192.168.1.2; netmask-255.255.255.0; gateway-192.168.1.1
INFO:root:Changing firewall configuration on port 10001...
DEBUG:root:Checking if firewall rule on port 10001 is present...
INFO:root:Setting firewall rule with name "HFU_Trigger_Server" to enabled...
DEBUG:root:Print description...
INFO:root:Starting up trigger server on 192.168.1.2 on 10001
DEBUG:root:Checking elevation...
INFO:root:Restart progam and ask for elevation...
DEBUG:root:Checking elevation...
DEBUG:root:Elevation present.
DEBUG:root:Extracting physical network devices...
DEBUG:root:Creating GUI Frame...
DEBUG:root:Building GUI...
INFO:root:Resetting network and firewall options...
INFO:root:Changing network configuration for fNIRS on Intel(R) Dual Band Wireless-AC 7260...
INFO:root:Changed network configuration of Intel(R) Dual Band Wireless-AC 7260
	to DHCP
INFO:root:Changing firewall configuration on port 10001...
DEBUG:root:Checking if firewall rule on port 10001 is present...
INFO:root:Setting firewall rule with name "HFU_Trigger_Server" to disabled...
DEBUG:root:Checking elevation...
INFO:root:Restart progam and ask for elevation...
DEBUG:root:Checking elevation...
DEBUG:root:Elevation present.
DEBUG:root:Extracting physical network devices...
DEBUG:root:Creating GUI Frame...
DEBUG:root:Building GUI...
INFO:root:Resetting network and firewall options...
INFO:root:Changing network configuration for fNIRS on Intel(R) Dual Band Wireless-AC 7260...
INFO:root:Changed network configuration of Intel(R) Dual Band Wireless-AC 7260
	to DHCP
INFO:root:Changing firewall configuration on port 10001...
DEBUG:root:Checking if firewall rule on port 10001 is present...
INFO:root:Setting firewall rule with name "HFU_Trigger_Server" to disabled...
DEBUG:root:Start button pressed.
INFO:root:Starting server thread...
INFO:root:Server for fNIRS selected...
INFO:root:Changing network configuration for fNIRS on Intel(R) Ethernet Connection I218-V...
INFO:root:Changed network configuration of Intel(R) Ethernet Connection I218-V
	to ip-192.168.1.2; netmask-255.255.255.0; gateway-192.168.1.1
INFO:root:Changing firewall configuration on port 10001...
DEBUG:root:Checking if firewall rule on port 10001 is present...
INFO:root:Setting firewall rule with name "HFU_Trigger_Server" to enabled...
DEBUG:root:Print description...
INFO:root:Starting up trigger server on 192.168.1.2 on 10001
INFO:root:Started server. Time: 1620294003256
INFO:root:Stopping the server thread...
INFO:root:Socket closed.
INFO:root:Resetting network and firewall options...
INFO:root:Changing network configuration for fNIRS on Intel(R) Ethernet Connection I218-V...
INFO:root:Changed network configuration of Intel(R) Ethernet Connection I218-V
	to DHCP
INFO:root:Changing firewall configuration on port 10001...
DEBUG:root:Checking if firewall rule on port 10001 is present...
INFO:root:Setting firewall rule with name "HFU_Trigger_Server" to disabled...
DEBUG:root:Checking elevation...
INFO:root:Restart progam and ask for elevation...
DEBUG:root:Checking elevation...
DEBUG:root:Elevation present.
DEBUG:root:Extracting physical network devices...
DEBUG:root:Creating GUI Frame...
DEBUG:root:Building GUI...
DEBUG:root:Start button pressed.
INFO:root:Starting server thread...
INFO:root:Server for fNIRS selected...
INFO:root:Changing network configuration for fNIRS on Intel(R) Ethernet Connection I218-V...
INFO:root:Changed network configuration of Intel(R) Ethernet Connection I218-V
	to ip-192.168.1.2; netmask-255.255.255.0; gateway-192.168.1.1
INFO:root:Changing firewall configuration on port 10001...
DEBUG:root:Checking if firewall rule on port 10001 is present...
INFO:root:Setting firewall rule with name "HFU_Trigger_Server" to enabled...
DEBUG:root:Print description...
INFO:root:Starting up trigger server on 192.168.1.2 on 10001
INFO:root:Stopping the server thread...
INFO:root:Resetting network and firewall options...
INFO:root:Changing network configuration for fNIRS on Intel(R) Ethernet Connection I218-V...
INFO:root:Changed network configuration of Intel(R) Ethernet Connection I218-V
	to DHCP
INFO:root:Changing firewall configuration on port 10001...
DEBUG:root:Checking if firewall rule on port 10001 is present...
INFO:root:Setting firewall rule with name "HFU_Trigger_Server" to disabled...
DEBUG:root:Checking elevation...
INFO:root:Restart progam and ask for elevation...
DEBUG:root:Checking elevation...
DEBUG:root:Elevation present.
DEBUG:root:Extracting physical network devices...
DEBUG:root:Creating GUI Frame...
DEBUG:root:Building GUI...
INFO:root:Resetting network and firewall options...
INFO:root:Changing network configuration for fNIRS on Intel(R) Dual Band Wireless-AC 7260...
INFO:root:Changed network configuration of Intel(R) Dual Band Wireless-AC 7260
	to DHCP
INFO:root:Changing firewall configuration on port 10001...
DEBUG:root:Checking if firewall rule on port 10001 is present...
INFO:root:Setting firewall rule with name "HFU_Trigger_Server" to disabled...
DEBUG:root:Checking elevation...
INFO:root:Restart progam and ask for elevation...
DEBUG:root:Checking elevation...
DEBUG:root:Elevation present.
DEBUG:root:Extracting physical network devices...
DEBUG:root:Creating GUI Frame...
DEBUG:root:Building GUI...
INFO:root:Resetting network and firewall options...
INFO:root:Changing network configuration for fNIRS on Intel(R) Dual Band Wireless-AC 7260...
INFO:root:Changed network configuration of Intel(R) Dual Band Wireless-AC 7260
	to DHCP
INFO:root:Changing firewall configuration on port 10001...
DEBUG:root:Checking if firewall rule on port 10001 is present...
INFO:root:Setting firewall rule with name "HFU_Trigger_Server" to disabled...
DEBUG:root:Checking elevation...
INFO:root:Restart progam and ask for elevation...
DEBUG:root:Checking elevation...
DEBUG:root:Elevation present.
DEBUG:root:Extracting physical network devices...
DEBUG:root:Creating GUI Frame...
DEBUG:root:Building GUI...
INFO:root:Resetting network and firewall options...
INFO:root:Changing network configuration for fNIRS on Intel(R) Dual Band Wireless-AC 7260...
INFO:root:Changed network configuration of Intel(R) Dual Band Wireless-AC 7260
	to DHCP
INFO:root:Changing firewall configuration on port 10001...
DEBUG:root:Checking if firewall rule on port 10001 is present...
INFO:root:Setting firewall rule with name "HFU_Trigger_Server" to disabled...
DEBUG:root:Checking elevation...
INFO:root:Restart progam and ask for elevation...
DEBUG:root:Checking elevation...
DEBUG:root:Elevation present.
DEBUG:root:Extracting physical network devices...
DEBUG:root:Creating GUI Frame...
DEBUG:root:Building GUI...
INFO:root:Resetting network and firewall options...
INFO:root:Changing network configuration for fNIRS on Intel(R) Dual Band Wireless-AC 7260...
INFO:root:Changed network configuration of Intel(R) Dual Band Wireless-AC 7260
	to DHCP
INFO:root:Changing firewall configuration on port 10001...
DEBUG:root:Checking if firewall rule on port 10001 is present...
INFO:root:Setting firewall rule with name "HFU_Trigger_Server" to disabled...
DEBUG:root:Checking elevation...
INFO:root:Restart progam and ask for elevation...
DEBUG:root:Checking elevation...
DEBUG:root:Elevation present.
DEBUG:root:Extracting physical network devices...
DEBUG:root:Creating GUI Frame...
DEBUG:root:Building GUI...
ERROR:root:ERROR during program execution!
Traceback (most recent call last):
  File "c:\Users\bijo\Documents\GitHub\ip-labor-trigger\hfu_trigger_server.py", line 52, in __init__
    self.build_gui()
  File "c:\Users\bijo\Documents\GitHub\ip-labor-trigger\hfu_trigger_server.py", line 158, in build_gui
    self.console_text.insert(END, )
TypeError: insert() missing 1 required positional argument: 'chars'
DEBUG:root:Checking elevation...
INFO:root:Restart progam and ask for elevation...
DEBUG:root:Checking elevation...
DEBUG:root:Elevation present.
DEBUG:root:Extracting physical network devices...
DEBUG:root:Creating GUI Frame...
DEBUG:root:Building GUI...
DEBUG:root:Start button pressed.
INFO:root:Starting server thread...
INFO:root:Server for fNIRS selected...
INFO:root:Changing network configuration for fNIRS on Intel(R) Dual Band Wireless-AC 7260...
INFO:root:Changed network configuration of Intel(R) Dual Band Wireless-AC 7260
	to ip-192.168.1.2; netmask-255.255.255.0; gateway-192.168.1.1
INFO:root:Changing firewall configuration on port 10001...
DEBUG:root:Checking if firewall rule on port 10001 is present...
INFO:root:Setting firewall rule with name "HFU_Trigger_Server" to enabled...
DEBUG:root:Print description...
INFO:root:Starting up trigger server on 192.168.1.2 on 10001
INFO:root:Stopping the server thread...
INFO:root:Resetting network and firewall options...
INFO:root:Changing network configuration for fNIRS on Intel(R) Dual Band Wireless-AC 7260...
INFO:root:Changed network configuration of Intel(R) Dual Band Wireless-AC 7260
	to DHCP
INFO:root:Changing firewall configuration on port 10001...
DEBUG:root:Checking if firewall rule on port 10001 is present...
INFO:root:Setting firewall rule with name "HFU_Trigger_Server" to disabled...
DEBUG:root:Checking elevation...
INFO:root:Restart progam and ask for elevation...
DEBUG:root:Checking elevation...
DEBUG:root:Elevation present.
DEBUG:root:Extracting physical network devices...
DEBUG:root:Creating GUI Frame...
DEBUG:root:Building GUI...
DEBUG:root:Start button pressed.
INFO:root:Starting server thread...
INFO:root:Server for fNIRS selected...
INFO:root:Changing network configuration for fNIRS on Intel(R) Dual Band Wireless-AC 7260...
INFO:root:Changed network configuration of Intel(R) Dual Band Wireless-AC 7260
	to ip-192.168.1.2; netmask-255.255.255.0; gateway-192.168.1.1
INFO:root:Changing firewall configuration on port 10001...
DEBUG:root:Checking if firewall rule on port 10001 is present...
INFO:root:Setting firewall rule with name "HFU_Trigger_Server" to enabled...
DEBUG:root:Print description...
INFO:root:Starting up trigger server on 192.168.1.2 on 10001
INFO:root:Resetting network and firewall options...
INFO:root:Changing network configuration for fNIRS on Intel(R) Dual Band Wireless-AC 7260...
INFO:root:Changed network configuration of Intel(R) Dual Band Wireless-AC 7260
	to DHCP
INFO:root:Changing firewall configuration on port 10001...
DEBUG:root:Checking if firewall rule on port 10001 is present...
INFO:root:Setting firewall rule with name "HFU_Trigger_Server" to disabled...
DEBUG:root:Checking elevation...
INFO:root:Restart progam and ask for elevation...
DEBUG:root:Checking elevation...
DEBUG:root:Elevation present.
DEBUG:root:Extracting physical network devices...
DEBUG:root:Creating GUI Frame...
DEBUG:root:Building GUI...
DEBUG:root:Start button pressed.
INFO:root:Starting server thread...
INFO:root:Server for fNIRS selected...
INFO:root:Changing network configuration for fNIRS on Intel(R) Dual Band Wireless-AC 7260...
INFO:root:Changed network configuration of Intel(R) Dual Band Wireless-AC 7260
	to ip-192.168.1.2; netmask-255.255.255.0; gateway-192.168.1.1
INFO:root:Changing firewall configuration on port 10001...
DEBUG:root:Checking if firewall rule on port 10001 is present...
INFO:root:Setting firewall rule with name "HFU_Trigger_Server" to enabled...
DEBUG:root:Print description...
INFO:root:Starting up trigger server on 192.168.1.2 on 10001
INFO:root:Stopping the server thread...
INFO:root:Resetting network and firewall options...
INFO:root:Changing network configuration for fNIRS on Intel(R) Dual Band Wireless-AC 7260...
INFO:root:Changed network configuration of Intel(R) Dual Band Wireless-AC 7260
	to DHCP
INFO:root:Changing firewall configuration on port 10001...
DEBUG:root:Checking if firewall rule on port 10001 is present...
INFO:root:Setting firewall rule with name "HFU_Trigger_Server" to disabled...
DEBUG:root:Checking elevation...
INFO:root:Restart progam and ask for elevation...
DEBUG:root:Checking elevation...
DEBUG:root:Elevation present.
DEBUG:root:Extracting physical network devices...
DEBUG:root:Creating GUI Frame...
DEBUG:root:Building GUI...
INFO:root:Resetting network and firewall options...
INFO:root:Changing network configuration for fNIRS on Intel(R) Dual Band Wireless-AC 7260...
INFO:root:Changed network configuration of Intel(R) Dual Band Wireless-AC 7260
	to DHCP
INFO:root:Changing firewall configuration on port 10001...
DEBUG:root:Checking if firewall rule on port 10001 is present...
INFO:root:Setting firewall rule with name "HFU_Trigger_Server" to disabled...
DEBUG:root:Checking elevation...
INFO:root:Restart progam and ask for elevation...
DEBUG:root:Checking elevation...
DEBUG:root:Elevation present.
DEBUG:root:Extracting physical network devices...
DEBUG:root:Creating GUI Frame...
DEBUG:root:Building GUI...
INFO:root:Resetting network and firewall options...
INFO:root:Changing network configuration for fNIRS on Intel(R) Dual Band Wireless-AC 7260...
INFO:root:Changed network configuration of Intel(R) Dual Band Wireless-AC 7260
	to DHCP
INFO:root:Changing firewall configuration on port 10001...
DEBUG:root:Checking if firewall rule on port 10001 is present...
INFO:root:Setting firewall rule with name "HFU_Trigger_Server" to disabled...
DEBUG:root:Checking elevation...
INFO:root:Restart progam and ask for elevation...
DEBUG:root:Checking elevation...
DEBUG:root:Elevation present.
DEBUG:root:Extracting physical network devices...
DEBUG:root:Creating GUI Frame...
DEBUG:root:Building GUI...
INFO:root:Resetting network and firewall options...
INFO:root:Changing network configuration for fNIRS on Intel(R) Dual Band Wireless-AC 7260...
INFO:root:Changed network configuration of Intel(R) Dual Band Wireless-AC 7260
	to DHCP
INFO:root:Changing firewall configuration on port 10001...
DEBUG:root:Checking if firewall rule on port 10001 is present...
INFO:root:Setting firewall rule with name "HFU_Trigger_Server" to disabled...
DEBUG:root:Checking elevation...
INFO:root:Restart progam and ask for elevation...
DEBUG:root:Checking elevation...
DEBUG:root:Elevation present.
DEBUG:root:Extracting physical network devices...
DEBUG:root:Creating GUI Frame...
DEBUG:root:Building GUI...
INFO:root:Resetting network and firewall options...
INFO:root:Changing network configuration for fNIRS on Intel(R) Dual Band Wireless-AC 7260...
INFO:root:Changed network configuration of Intel(R) Dual Band Wireless-AC 7260
	to DHCP
INFO:root:Changing firewall configuration on port 10001...
DEBUG:root:Checking if firewall rule on port 10001 is present...
INFO:root:Setting firewall rule with name "HFU_Trigger_Server" to disabled...
DEBUG:root:Checking elevation...
INFO:root:Restart progam and ask for elevation...
DEBUG:root:Checking elevation...
DEBUG:root:Elevation present.
DEBUG:root:Extracting physical network devices...
DEBUG:root:Creating GUI Frame...
DEBUG:root:Building GUI...
DEBUG:root:Start button pressed.
INFO:root:Starting server thread...
INFO:root:Server for fNIRS selected...
INFO:root:Changing network configuration for fNIRS on Intel(R) Dual Band Wireless-AC 7260...
INFO:root:Changed network configuration of Intel(R) Dual Band Wireless-AC 7260
	to ip-192.168.1.2; netmask-255.255.255.0; gateway-192.168.1.1
INFO:root:Changing firewall configuration on port 10001...
DEBUG:root:Checking if firewall rule on port 10001 is present...
INFO:root:Setting firewall rule with name "HFU_Trigger_Server" to enabled...
DEBUG:root:Print description...
INFO:root:Starting up trigger server on 192.168.1.2 on 10001
INFO:root:Stopping the server thread...
INFO:root:Resetting network and firewall options...
INFO:root:Changing network configuration for fNIRS on Intel(R) Dual Band Wireless-AC 7260...
INFO:root:Changed network configuration of Intel(R) Dual Band Wireless-AC 7260
	to DHCP
INFO:root:Changing firewall configuration on port 10001...
DEBUG:root:Checking if firewall rule on port 10001 is present...
INFO:root:Setting firewall rule with name "HFU_Trigger_Server" to disabled...
INFO:root:Resetting network and firewall options...
INFO:root:Changing network configuration for fNIRS on Intel(R) Dual Band Wireless-AC 7260...
INFO:root:Changed network configuration of Intel(R) Dual Band Wireless-AC 7260
	to DHCP
INFO:root:Changing firewall configuration on port 10001...
DEBUG:root:Checking if firewall rule on port 10001 is present...
INFO:root:Setting firewall rule with name "HFU_Trigger_Server" to disabled...
DEBUG:root:Checking elevation...
INFO:root:Restart progam and ask for elevation...
DEBUG:root:Checking elevation...
DEBUG:root:Elevation present.
DEBUG:root:Extracting physical network devices...
DEBUG:root:Creating GUI Frame...
DEBUG:root:Building GUI...
INFO:root:Resetting network and firewall options...
INFO:root:Changing network configuration for fNIRS on Intel(R) Dual Band Wireless-AC 7260...
INFO:root:Changed network configuration of Intel(R) Dual Band Wireless-AC 7260
	to DHCP
INFO:root:Changing firewall configuration on port 10001...
DEBUG:root:Checking if firewall rule on port 10001 is present...
INFO:root:Setting firewall rule with name "HFU_Trigger_Server" to disabled...
INFO:root:Resetting network and firewall options...
INFO:root:Changing network configuration for fNIRS on Intel(R) Dual Band Wireless-AC 7260...
INFO:root:Changed network configuration of Intel(R) Dual Band Wireless-AC 7260
	to DHCP
INFO:root:Changing firewall configuration on port 10001...
DEBUG:root:Checking if firewall rule on port 10001 is present...
INFO:root:Setting firewall rule with name "HFU_Trigger_Server" to disabled...
DEBUG:root:Checking elevation...
INFO:root:Restart progam and ask for elevation...
DEBUG:root:Checking elevation...
DEBUG:root:Elevation present.
DEBUG:root:Extracting physical network devices...
DEBUG:root:Creating GUI Frame...
DEBUG:root:Building GUI...
INFO:root:Resetting network and firewall options...
INFO:root:Changing network configuration for fNIRS on Intel(R) Dual Band Wireless-AC 7260...
INFO:root:Changed network configuration of Intel(R) Dual Band Wireless-AC 7260
	to DHCP
INFO:root:Changing firewall configuration on port 10001...
DEBUG:root:Checking if firewall rule on port 10001 is present...
INFO:root:Setting firewall rule with name "HFU_Trigger_Server" to disabled...
DEBUG:root:Checking elevation...
INFO:root:Restart progam and ask for elevation...
DEBUG:root:Checking elevation...
DEBUG:root:Elevation present.
DEBUG:root:Extracting physical network devices...
DEBUG:root:Creating GUI Frame...
DEBUG:root:Building GUI...
INFO:root:Resetting network and firewall options...
INFO:root:Changing network configuration for fNIRS on Intel(R) Dual Band Wireless-AC 7260...
INFO:root:Changed network configuration of Intel(R) Dual Band Wireless-AC 7260
	to DHCP
INFO:root:Changing firewall configuration on port 10001...
DEBUG:root:Checking if firewall rule on port 10001 is present...
INFO:root:Setting firewall rule with name "HFU_Trigger_Server" to disabled...
DEBUG:root:Checking elevation...
INFO:root:Restart progam and ask for elevation...
DEBUG:root:Checking elevation...
DEBUG:root:Elevation present.
DEBUG:root:Extracting physical network devices...
DEBUG:root:Creating GUI Frame...
DEBUG:root:Building GUI...
INFO:root:Resetting network and firewall options...
INFO:root:Changing network configuration for fNIRS on Intel(R) Dual Band Wireless-AC 7260...
INFO:root:Changed network configuration of Intel(R) Dual Band Wireless-AC 7260
	to DHCP
INFO:root:Changing firewall configuration on port 10001...
DEBUG:root:Checking if firewall rule on port 10001 is present...
INFO:root:Setting firewall rule with name "HFU_Trigger_Server" to disabled...
DEBUG:root:Checking elevation...
INFO:root:Restart progam and ask for elevation...
DEBUG:root:Checking elevation...
DEBUG:root:Elevation present.
DEBUG:root:Extracting physical network devices...
DEBUG:root:Creating GUI Frame...
DEBUG:root:Building GUI...
DEBUG:root:Start button pressed.
INFO:root:Starting server thread...
INFO:root:Server for fNIRS selected...
INFO:root:Changing network configuration for fNIRS on Intel(R) Dual Band Wireless-AC 7260...
INFO:root:Changed network configuration of Intel(R) Dual Band Wireless-AC 7260
	to ip-192.168.1.2; netmask-255.255.255.0; gateway-192.168.1.1
INFO:root:Changing firewall configuration on port 10001...
DEBUG:root:Checking if firewall rule on port 10001 is present...
INFO:root:Setting firewall rule with name "HFU_Trigger_Server" to enabled...
DEBUG:root:Print description...
INFO:root:Starting up trigger server on 192.168.1.2 on 10001
INFO:root:Resetting network and firewall options...
INFO:root:Changing network configuration for fNIRS on Intel(R) Dual Band Wireless-AC 7260...
INFO:root:Changed network configuration of Intel(R) Dual Band Wireless-AC 7260
	to DHCP
INFO:root:Changing firewall configuration on port 10001...
DEBUG:root:Checking if firewall rule on port 10001 is present...
INFO:root:Setting firewall rule with name "HFU_Trigger_Server" to disabled...
DEBUG:root:Checking elevation...
INFO:root:Restart progam and ask for elevation...
DEBUG:root:Checking elevation...
DEBUG:root:Elevation present.
DEBUG:root:Extracting physical network devices...
DEBUG:root:Creating GUI Frame...
DEBUG:root:Building GUI...
INFO:root:Resetting network and firewall options...
INFO:root:Changing network configuration for fNIRS on Intel(R) Dual Band Wireless-AC 7260...
INFO:root:Changed network configuration of Intel(R) Dual Band Wireless-AC 7260
	to DHCP
INFO:root:Changing firewall configuration on port 10001...
DEBUG:root:Checking if firewall rule on port 10001 is present...
INFO:root:Setting firewall rule with name "HFU_Trigger_Server" to disabled...
DEBUG:root:Checking elevation...
INFO:root:Restart progam and ask for elevation...
DEBUG:root:Checking elevation...
DEBUG:root:Elevation present.
DEBUG:root:Extracting physical network devices...
DEBUG:root:Creating GUI Frame...
DEBUG:root:Building GUI...
ERROR:root:ERROR during program execution!
Traceback (most recent call last):
  File "c:\Users\bijo\Documents\GitHub\ip-labor-trigger\hfu_trigger_server.pyw", line 52, in __init__
    self.build_gui()
  File "c:\Users\bijo\Documents\GitHub\ip-labor-trigger\hfu_trigger_server.pyw", line 117, in build_gui
    self.popupMenu2 = OptionMenu(mainframe, self.tkvar_network, *choices_network, width=2)
  File "C:\Users\bijo\Documents\GitHub\ip-labor-trigger\Python39\lib\tkinter\__init__.py", line 3971, in __init__
    raise TclError('unknown option -'+next(iter(kwargs)))
_tkinter.TclError: unknown option -width
DEBUG:root:Checking elevation...
INFO:root:Restart progam and ask for elevation...
DEBUG:root:Checking elevation...
DEBUG:root:Elevation present.
DEBUG:root:Extracting physical network devices...
DEBUG:root:Creating GUI Frame...
DEBUG:root:Building GUI...
ERROR:root:ERROR during program execution!
Traceback (most recent call last):
  File "c:\Users\bijo\Documents\GitHub\ip-labor-trigger\hfu_trigger_server.pyw", line 52, in __init__
    self.build_gui()
  File "c:\Users\bijo\Documents\GitHub\ip-labor-trigger\hfu_trigger_server.pyw", line 117, in build_gui
    self.popupMenu2 = OptionMenu(mainframe, self.tkvar_network, *choices_network, width=2)
  File "C:\Users\bijo\Documents\GitHub\ip-labor-trigger\Python39\lib\tkinter\__init__.py", line 3971, in __init__
    raise TclError('unknown option -'+next(iter(kwargs)))
_tkinter.TclError: unknown option -width
DEBUG:root:Checking elevation...
INFO:root:Restart progam and ask for elevation...
DEBUG:root:Checking elevation...
DEBUG:root:Elevation present.
DEBUG:root:Extracting physical network devices...
DEBUG:root:Creating GUI Frame...
DEBUG:root:Building GUI...
INFO:root:Resetting network and firewall options...
INFO:root:Changing network configuration for Movisens EKG/EDA on Intel(R) Dual Band Wireless-AC 7260...
INFO:root:Changed network configuration of Intel(R) Dual Band Wireless-AC 7260
	to DHCP
INFO:root:Changing firewall configuration on port 10001...
DEBUG:root:Checking if firewall rule on port 10001 is present...
INFO:root:Setting firewall rule with name "HFU_Trigger_Server" to disabled...
DEBUG:root:Checking elevation...
INFO:root:Restart progam and ask for elevation...
DEBUG:root:Checking elevation...
DEBUG:root:Elevation present.
DEBUG:root:Extracting physical network devices...
DEBUG:root:Creating GUI Frame...
DEBUG:root:Building GUI...
DEBUG:root:Checking elevation...
INFO:root:Restart progam and ask for elevation...
DEBUG:root:Checking elevation...
DEBUG:root:Elevation present.
DEBUG:root:Extracting physical network devices...
DEBUG:root:Creating GUI Frame...
DEBUG:root:Building GUI...
ERROR:root:ERROR during program execution!
Traceback (most recent call last):
  File "c:\Users\bijo\Documents\GitHub\ip-labor-trigger\hfu_trigger_server.pyw", line 52, in __init__
    self.build_gui()
  File "c:\Users\bijo\Documents\GitHub\ip-labor-trigger\hfu_trigger_server.pyw", line 124, in build_gui
    ttk.Separator(mainframe,orient=HORIZONTAL).grid(row=4, columnspan=2)
AttributeError: module 'tkinter' has no attribute 'Separator'
INFO:root:Resetting network and firewall options...
INFO:root:Changing network configuration for fNIRS on Intel(R) Dual Band Wireless-AC 7260...
INFO:root:Changed network configuration of Intel(R) Dual Band Wireless-AC 7260
	to DHCP
INFO:root:Changing firewall configuration on port 10001...
DEBUG:root:Checking if firewall rule on port 10001 is present...
INFO:root:Setting firewall rule with name "HFU_Trigger_Server" to disabled...
DEBUG:root:Checking elevation...
INFO:root:Restart progam and ask for elevation...
DEBUG:root:Checking elevation...
DEBUG:root:Elevation present.
DEBUG:root:Extracting physical network devices...
DEBUG:root:Creating GUI Frame...
DEBUG:root:Building GUI...
ERROR:root:ERROR during program execution!
Traceback (most recent call last):
  File "c:\Users\bijo\Documents\GitHub\ip-labor-trigger\hfu_trigger_server.pyw", line 51, in __init__
    self.build_gui()
  File "c:\Users\bijo\Documents\GitHub\ip-labor-trigger\hfu_trigger_server.pyw", line 123, in build_gui
    Separator(mainframe,orient=HORIZONTAL).grid(row=4, columnspan=2)
NameError: name 'Separator' is not defined
DEBUG:root:Checking elevation...
DEBUG:root:Elevation present.
DEBUG:root:Extracting physical network devices...
DEBUG:root:Creating GUI Frame...
DEBUG:root:Building GUI...
ERROR:root:ERROR during program execution!
Traceback (most recent call last):
  File "C:\Users\bijo\Documents\GitHub\ip-labor-trigger\hfu_trigger_server.pyw", line 51, in __init__
    self.build_gui()
  File "C:\Users\bijo\Documents\GitHub\ip-labor-trigger\hfu_trigger_server.pyw", line 123, in build_gui
    Separator(mainframe,orient=HORIZONTAL).grid(row=4, columnspan=2)
NameError: name 'Separator' is not defined
DEBUG:root:Checking elevation...
DEBUG:root:Elevation present.
DEBUG:root:Extracting physical network devices...
DEBUG:root:Creating GUI Frame...
DEBUG:root:Building GUI...
ERROR:root:ERROR during program execution!
Traceback (most recent call last):
  File "C:\Users\bijo\Documents\GitHub\ip-labor-trigger\hfu_trigger_server.pyw", line 51, in __init__
    self.build_gui()
  File "C:\Users\bijo\Documents\GitHub\ip-labor-trigger\hfu_trigger_server.pyw", line 123, in build_gui
    Separator(mainframe,orient=HORIZONTAL).grid(row=4, columnspan=2)
NameError: name 'Separator' is not defined
DEBUG:root:Checking elevation...
DEBUG:root:Elevation present.
DEBUG:root:Extracting physical network devices...
DEBUG:root:Creating GUI Frame...
DEBUG:root:Building GUI...
ERROR:root:ERROR during program execution!
Traceback (most recent call last):
  File "C:\Users\bijo\Documents\GitHub\ip-labor-trigger\hfu_trigger_server.pyw", line 51, in __init__
    self.build_gui()
  File "C:\Users\bijo\Documents\GitHub\ip-labor-trigger\hfu_trigger_server.pyw", line 123, in build_gui
    Separator(mainframe,orient=HORIZONTAL).grid(row=4, columnspan=2)
NameError: name 'Separator' is not defined
DEBUG:root:Checking elevation...
DEBUG:root:Elevation present.
DEBUG:root:Extracting physical network devices...
DEBUG:root:Creating GUI Frame...
DEBUG:root:Building GUI...
ERROR:root:ERROR during program execution!
Traceback (most recent call last):
  File "C:\Users\bijo\Documents\GitHub\ip-labor-trigger\hfu_trigger_server.pyw", line 51, in __init__
    self.build_gui()
  File "C:\Users\bijo\Documents\GitHub\ip-labor-trigger\hfu_trigger_server.pyw", line 123, in build_gui
    Separator(mainframe,orient=HORIZONTAL).grid(row=4, columnspan=2)
NameError: name 'Separator' is not defined
DEBUG:root:Checking elevation...
INFO:root:Restart progam and ask for elevation...
DEBUG:root:Checking elevation...
DEBUG:root:Elevation present.
DEBUG:root:Extracting physical network devices...
DEBUG:root:Creating GUI Frame...
DEBUG:root:Building GUI...
ERROR:root:ERROR during program execution!
Traceback (most recent call last):
  File "C:\Users\bijo\Documents\GitHub\ip-labor-trigger\hfu_trigger_server.pyw", line 51, in __init__
    self.build_gui()
  File "C:\Users\bijo\Documents\GitHub\ip-labor-trigger\hfu_trigger_server.pyw", line 123, in build_gui
    Separator(mainframe,orient=HORIZONTAL).grid(row=4, columnspan=2)
NameError: name 'Separator' is not defined
DEBUG:root:Checking elevation...
INFO:root:Restart progam and ask for elevation...
DEBUG:root:Checking elevation...
DEBUG:root:Elevation present.
DEBUG:root:Extracting physical network devices...
DEBUG:root:Creating GUI Frame...
DEBUG:root:Building GUI...
INFO:root:Resetting network and firewall options...
INFO:root:Changing network configuration for fNIRS on Intel(R) Dual Band Wireless-AC 7260...
INFO:root:Changed network configuration of Intel(R) Dual Band Wireless-AC 7260
	to DHCP
INFO:root:Changing firewall configuration on port 10001...
DEBUG:root:Checking if firewall rule on port 10001 is present...
INFO:root:Setting firewall rule with name "HFU_Trigger_Server" to disabled...
DEBUG:root:Checking elevation...
INFO:root:Restart progam and ask for elevation...
DEBUG:root:Checking elevation...
DEBUG:root:Elevation present.
DEBUG:root:Extracting physical network devices...
DEBUG:root:Creating GUI Frame...
DEBUG:root:Building GUI...
INFO:root:Resetting network and firewall options...
INFO:root:Changing network configuration for fNIRS on Intel(R) Dual Band Wireless-AC 7260...
INFO:root:Changed network configuration of Intel(R) Dual Band Wireless-AC 7260
	to DHCP
INFO:root:Changing firewall configuration on port 10001...
DEBUG:root:Checking if firewall rule on port 10001 is present...
INFO:root:Setting firewall rule with name "HFU_Trigger_Server" to disabled...
DEBUG:root:Checking elevation...
INFO:root:Restart progam and ask for elevation...
DEBUG:root:Checking elevation...
DEBUG:root:Elevation present.
DEBUG:root:Extracting physical network devices...
DEBUG:root:Creating GUI Frame...
DEBUG:root:Building GUI...
INFO:root:Resetting network and firewall options...
INFO:root:Changing network configuration for fNIRS on Intel(R) Dual Band Wireless-AC 7260...
INFO:root:Changed network configuration of Intel(R) Dual Band Wireless-AC 7260
	to DHCP
INFO:root:Changing firewall configuration on port 10001...
DEBUG:root:Checking if firewall rule on port 10001 is present...
INFO:root:Setting firewall rule with name "HFU_Trigger_Server" to disabled...
DEBUG:root:Checking elevation...
INFO:root:Restart progam and ask for elevation...
DEBUG:root:Checking elevation...
DEBUG:root:Elevation present.
DEBUG:root:Extracting physical network devices...
DEBUG:root:Creating GUI Frame...
DEBUG:root:Building GUI...
INFO:root:Resetting network and firewall options...
INFO:root:Changing network configuration for fNIRS on Intel(R) Dual Band Wireless-AC 7260...
INFO:root:Changed network configuration of Intel(R) Dual Band Wireless-AC 7260
	to DHCP
INFO:root:Changing firewall configuration on port 10001...
DEBUG:root:Checking if firewall rule on port 10001 is present...
INFO:root:Setting firewall rule with name "HFU_Trigger_Server" to disabled...
DEBUG:root:Checking elevation...
INFO:root:Restart progam and ask for elevation...
DEBUG:root:Checking elevation...
DEBUG:root:Elevation present.
DEBUG:root:Extracting physical network devices...
DEBUG:root:Creating GUI Frame...
DEBUG:root:Building GUI...
ERROR:root:ERROR during program execution!
Traceback (most recent call last):
  File "c:\Users\bijo\Documents\GitHub\ip-labor-trigger\hfu_trigger_server.pyw", line 52, in __init__
    self.build_gui()
  File "c:\Users\bijo\Documents\GitHub\ip-labor-trigger\hfu_trigger_server.pyw", line 124, in build_gui
    ttk.Separator(mainframe,orient=HORIZONTAL).grid(row=4, columnspan=2, fill='x')
  File "C:\Users\bijo\Documents\GitHub\ip-labor-trigger\Python39\lib\tkinter\__init__.py", line 2493, in grid_configure
    self.tk.call(
_tkinter.TclError: bad option "-fill": must be -column, -columnspan, -in, -ipadx, -ipady, -padx, -pady, -row, -rowspan, or -sticky
DEBUG:root:Checking elevation...
INFO:root:Restart progam and ask for elevation...
DEBUG:root:Checking elevation...
INFO:root:Restart progam and ask for elevation...
DEBUG:root:Checking elevation...
DEBUG:root:Elevation present.
DEBUG:root:Extracting physical network devices...
DEBUG:root:Creating GUI Frame...
DEBUG:root:Building GUI...
INFO:root:Resetting network and firewall options...
INFO:root:Changing network configuration for fNIRS on Intel(R) Dual Band Wireless-AC 7260...
INFO:root:Changed network configuration of Intel(R) Dual Band Wireless-AC 7260
	to DHCP
INFO:root:Changing firewall configuration on port 10001...
DEBUG:root:Checking if firewall rule on port 10001 is present...
INFO:root:Setting firewall rule with name "HFU_Trigger_Server" to disabled...
DEBUG:root:Checking elevation...
INFO:root:Restart progam and ask for elevation...
DEBUG:root:Checking elevation...
DEBUG:root:Elevation present.
DEBUG:root:Extracting physical network devices...
DEBUG:root:Creating GUI Frame...
DEBUG:root:Building GUI...
INFO:root:Resetting network and firewall options...
INFO:root:Changing network configuration for fNIRS on Intel(R) Dual Band Wireless-AC 7260...
INFO:root:Changed network configuration of Intel(R) Dual Band Wireless-AC 7260
	to DHCP
INFO:root:Changing firewall configuration on port 10001...
DEBUG:root:Checking if firewall rule on port 10001 is present...
INFO:root:Setting firewall rule with name "HFU_Trigger_Server" to disabled...
DEBUG:root:Checking elevation...
INFO:root:Restart progam and ask for elevation...
DEBUG:root:Checking elevation...
DEBUG:root:Elevation present.
DEBUG:root:Extracting physical network devices...
DEBUG:root:Creating GUI Frame...
DEBUG:root:Building GUI...
INFO:root:Resetting network and firewall options...
INFO:root:Changing network configuration for fNIRS on Intel(R) Dual Band Wireless-AC 7260...
INFO:root:Changed network configuration of Intel(R) Dual Band Wireless-AC 7260
	to DHCP
INFO:root:Changing firewall configuration on port 10001...
DEBUG:root:Checking if firewall rule on port 10001 is present...
INFO:root:Setting firewall rule with name "HFU_Trigger_Server" to disabled...
DEBUG:root:Checking elevation...
INFO:root:Restart progam and ask for elevation...
DEBUG:root:Checking elevation...
DEBUG:root:Elevation present.
DEBUG:root:Extracting physical network devices...
DEBUG:root:Creating GUI Frame...
DEBUG:root:Building GUI...
INFO:root:Resetting network and firewall options...
INFO:root:Changing network configuration for fNIRS on Intel(R) Dual Band Wireless-AC 7260...
INFO:root:Changed network configuration of Intel(R) Dual Band Wireless-AC 7260
	to DHCP
INFO:root:Changing firewall configuration on port 10001...
DEBUG:root:Checking if firewall rule on port 10001 is present...
INFO:root:Setting firewall rule with name "HFU_Trigger_Server" to disabled...
DEBUG:root:Checking elevation...
INFO:root:Restart progam and ask for elevation...
DEBUG:root:Checking elevation...
INFO:root:Restart progam and ask for elevation...
DEBUG:root:Checking elevation...
DEBUG:root:Elevation present.
DEBUG:root:Extracting physical network devices...
DEBUG:root:Creating GUI Frame...
DEBUG:root:Building GUI...
INFO:root:Resetting network and firewall options...
INFO:root:Changing network configuration for fNIRS on Intel(R) Dual Band Wireless-AC 7260...
INFO:root:Changed network configuration of Intel(R) Dual Band Wireless-AC 7260
	to DHCP
INFO:root:Changing firewall configuration on port 10001...
DEBUG:root:Checking if firewall rule on port 10001 is present...
INFO:root:Setting firewall rule with name "HFU_Trigger_Server" to disabled...
DEBUG:root:Checking elevation...
INFO:root:Restart progam and ask for elevation...
DEBUG:root:Checking elevation...
INFO:root:Restart progam and ask for elevation...
DEBUG:root:Checking elevation...
DEBUG:root:Elevation present.
DEBUG:root:Extracting physical network devices...
DEBUG:root:Creating GUI Frame...
DEBUG:root:Building GUI...
INFO:root:Resetting network and firewall options...
INFO:root:Changing network configuration for fNIRS on Intel(R) Dual Band Wireless-AC 7260...
INFO:root:Changed network configuration of Intel(R) Dual Band Wireless-AC 7260
	to DHCP
INFO:root:Changing firewall configuration on port 10001...
DEBUG:root:Checking if firewall rule on port 10001 is present...
INFO:root:Setting firewall rule with name "HFU_Trigger_Server" to disabled...
DEBUG:root:Checking elevation...
INFO:root:Restart progam and ask for elevation...
DEBUG:root:Checking elevation...
DEBUG:root:Elevation present.
DEBUG:root:Extracting physical network devices...
DEBUG:root:Creating GUI Frame...
DEBUG:root:Building GUI...
INFO:root:Resetting network and firewall options...
INFO:root:Changing network configuration for fNIRS on Intel(R) Dual Band Wireless-AC 7260...
INFO:root:Changed network configuration of Intel(R) Dual Band Wireless-AC 7260
	to DHCP
INFO:root:Changing firewall configuration on port 10001...
DEBUG:root:Checking if firewall rule on port 10001 is present...
INFO:root:Setting firewall rule with name "HFU_Trigger_Server" to disabled...
DEBUG:root:Checking elevation...
INFO:root:Restart progam and ask for elevation...
DEBUG:root:Checking elevation...
DEBUG:root:Elevation present.
DEBUG:root:Extracting physical network devices...
DEBUG:root:Creating GUI Frame...
DEBUG:root:Building GUI...
INFO:root:Resetting network and firewall options...
INFO:root:Changing network configuration for fNIRS on Intel(R) Dual Band Wireless-AC 7260...
INFO:root:Changed network configuration of Intel(R) Dual Band Wireless-AC 7260
	to DHCP
INFO:root:Changing firewall configuration on port 10001...
DEBUG:root:Checking if firewall rule on port 10001 is present...
INFO:root:Setting firewall rule with name "HFU_Trigger_Server" to disabled...
DEBUG:root:Checking elevation...
INFO:root:Restart progam and ask for elevation...
DEBUG:root:Checking elevation...
DEBUG:root:Elevation present.
DEBUG:root:Extracting physical network devices...
DEBUG:root:Creating GUI Frame...
DEBUG:root:Building GUI...
INFO:root:Resetting network and firewall options...
INFO:root:Changing network configuration for fNIRS on Intel(R) Dual Band Wireless-AC 7260...
INFO:root:Changed network configuration of Intel(R) Dual Band Wireless-AC 7260
	to DHCP
INFO:root:Changing firewall configuration on port 10001...
DEBUG:root:Checking if firewall rule on port 10001 is present...
INFO:root:Setting firewall rule with name "HFU_Trigger_Server" to disabled...
DEBUG:root:Checking elevation...
INFO:root:Restart progam and ask for elevation...
DEBUG:root:Checking elevation...
DEBUG:root:Elevation present.
DEBUG:root:Extracting physical network devices...
DEBUG:root:Creating GUI Frame...
DEBUG:root:Building GUI...
INFO:root:Resetting network and firewall options...
INFO:root:Changing network configuration for fNIRS on Intel(R) Dual Band Wireless-AC 7260...
INFO:root:Changed network configuration of Intel(R) Dual Band Wireless-AC 7260
	to DHCP
INFO:root:Changing firewall configuration on port 10001...
DEBUG:root:Checking if firewall rule on port 10001 is present...
INFO:root:Setting firewall rule with name "HFU_Trigger_Server" to disabled...
DEBUG:root:Checking elevation...
INFO:root:Restart progam and ask for elevation...
DEBUG:root:Checking elevation...
DEBUG:root:Elevation present.
DEBUG:root:Extracting physical network devices...
DEBUG:root:Creating GUI Frame...
DEBUG:root:Building GUI...
INFO:root:Resetting network and firewall options...
INFO:root:Changing network configuration for fNIRS on Intel(R) Dual Band Wireless-AC 7260...
INFO:root:Changed network configuration of Intel(R) Dual Band Wireless-AC 7260
	to DHCP
INFO:root:Changing firewall configuration on port 10001...
DEBUG:root:Checking if firewall rule on port 10001 is present...
INFO:root:Setting firewall rule with name "HFU_Trigger_Server" to disabled...
DEBUG:root:Checking elevation...
INFO:root:Restart progam and ask for elevation...
DEBUG:root:Checking elevation...
DEBUG:root:Elevation present.
DEBUG:root:Extracting physical network devices...
DEBUG:root:Creating GUI Frame...
DEBUG:root:Building GUI...
INFO:root:Resetting network and firewall options...
INFO:root:Changing network configuration for fNIRS on Intel(R) Dual Band Wireless-AC 7260...
INFO:root:Changed network configuration of Intel(R) Dual Band Wireless-AC 7260
	to DHCP
INFO:root:Changing firewall configuration on port 10001...
DEBUG:root:Checking if firewall rule on port 10001 is present...
INFO:root:Setting firewall rule with name "HFU_Trigger_Server" to disabled...
DEBUG:root:Checking elevation...
INFO:root:Restart progam and ask for elevation...
DEBUG:root:Checking elevation...
INFO:root:Restart progam and ask for elevation...
DEBUG:root:Checking elevation...
DEBUG:root:Elevation present.
DEBUG:root:Extracting physical network devices...
DEBUG:root:Creating GUI Frame...
DEBUG:root:Building GUI...
DEBUG:root:Start button pressed.
INFO:root:Starting server thread...
INFO:root:Server for Motiontracker/EMG selected...
INFO:root:Changing network configuration for Motiontracker/EMG on Intel(R) Dual Band Wireless-AC 7260...
INFO:root:Changed network configuration of Intel(R) Dual Band Wireless-AC 7260
	to ip-192.168.1.5; netmask-255.255.255.0; gateway-192.168.1.1
INFO:root:Changing firewall configuration on port 10001...
DEBUG:root:Checking if firewall rule on port 10001 is present...
INFO:root:Setting firewall rule with name "HFU_Trigger_Server" to enabled...
DEBUG:root:Print description...
INFO:root:Starting up trigger server on 192.168.1.5 on 10001
INFO:root:Stopping the server thread...
DEBUG:root:Start button pressed.
INFO:root:Starting server thread...
INFO:root:Server for Motiontracker/EMG selected...
INFO:root:Changing network configuration for Motiontracker/EMG on Intel(R) Dual Band Wireless-AC 7260...
INFO:root:Changed network configuration of Intel(R) Dual Band Wireless-AC 7260
	to ip-192.168.1.5; netmask-255.255.255.0; gateway-192.168.1.1
INFO:root:Changing firewall configuration on port 10001...
DEBUG:root:Checking if firewall rule on port 10001 is present...
INFO:root:Setting firewall rule with name "HFU_Trigger_Server" to enabled...
DEBUG:root:Print description...
INFO:root:Starting up trigger server on 192.168.1.5 on 10001
INFO:root:Stopping the server thread...
INFO:root:Resetting network and firewall options...
INFO:root:Changing network configuration for Motiontracker/EMG on Intel(R) Dual Band Wireless-AC 7260...
INFO:root:Changed network configuration of Intel(R) Dual Band Wireless-AC 7260
	to DHCP
INFO:root:Changing firewall configuration on port 10001...
DEBUG:root:Checking if firewall rule on port 10001 is present...
INFO:root:Setting firewall rule with name "HFU_Trigger_Server" to disabled...
DEBUG:root:Start button pressed.
INFO:root:Starting server thread...
INFO:root:Server for Motiontracker/EMG selected...
INFO:root:Changing network configuration for Motiontracker/EMG on Intel(R) Ethernet Connection I218-V...
INFO:root:Changed network configuration of Intel(R) Ethernet Connection I218-V
	to ip-192.168.1.5; netmask-255.255.255.0; gateway-192.168.1.1
INFO:root:Changing firewall configuration on port 10001...
DEBUG:root:Checking if firewall rule on port 10001 is present...
INFO:root:Setting firewall rule with name "HFU_Trigger_Server" to enabled...
DEBUG:root:Print description...
INFO:root:Starting up trigger server on 192.168.1.5 on 10001
INFO:root:Started server. Time: 1620972890392
INFO:root:Stopping the server thread...
INFO:root:Socket closed.
DEBUG:root:Checking elevation...
INFO:root:Restart progam and ask for elevation...
DEBUG:root:Checking elevation...
DEBUG:root:Elevation present.
DEBUG:root:Extracting physical network devices...
DEBUG:root:Creating GUI Frame...
DEBUG:root:Building GUI...
DEBUG:root:Start button pressed.
INFO:root:Starting server thread...
INFO:root:Server for Motiontracker/EMG selected...
INFO:root:Changing network configuration for Motiontracker/EMG on Intel(R) Ethernet Connection I218-V...
INFO:root:Changed network configuration of Intel(R) Ethernet Connection I218-V
	to ip-192.168.1.5; netmask-255.255.255.0; gateway-192.168.1.1
INFO:root:Changing firewall configuration on port 10001...
DEBUG:root:Checking if firewall rule on port 10001 is present...
INFO:root:Setting firewall rule with name "HFU_Trigger_Server" to enabled...
DEBUG:root:Print description...
INFO:root:Starting up trigger server on 192.168.1.5 on 10001
INFO:root:Started server. Time: 1620973208658
INFO:root:Stopping the server thread...
INFO:root:Socket closed.
DEBUG:root:Start button pressed.
INFO:root:Starting server thread...
INFO:root:Server for Motiontracker/EMG selected...
INFO:root:Changing network configuration for Motiontracker/EMG on Intel(R) Ethernet Connection I218-V...
INFO:root:Changed network configuration of Intel(R) Ethernet Connection I218-V
	to ip-192.168.1.5; netmask-255.255.255.0; gateway-192.168.1.1
INFO:root:Changing firewall configuration on port 10001...
DEBUG:root:Checking if firewall rule on port 10001 is present...
INFO:root:Setting firewall rule with name "HFU_Trigger_Server" to enabled...
DEBUG:root:Print description...
INFO:root:Starting up trigger server on 192.168.1.5 on 10001
INFO:root:Started server. Time: 1620973223231
INFO:root:Stopping the server thread...
INFO:root:Socket closed.
DEBUG:root:Start button pressed.
INFO:root:Starting server thread...
INFO:root:Server for Motiontracker/EMG selected...
INFO:root:Changing network configuration for Motiontracker/EMG on Intel(R) Ethernet Connection I218-V...
INFO:root:Changed network configuration of Intel(R) Ethernet Connection I218-V
	to ip-192.168.1.5; netmask-255.255.255.0; gateway-192.168.1.1
INFO:root:Changing firewall configuration on port 10001...
DEBUG:root:Checking if firewall rule on port 10001 is present...
INFO:root:Setting firewall rule with name "HFU_Trigger_Server" to enabled...
DEBUG:root:Print description...
INFO:root:Starting up trigger server on 192.168.1.5 on 10001
INFO:root:Started server. Time: 1620973293378
INFO:root:Stopping the server thread...
INFO:root:Socket closed.
INFO:root:Resetting network and firewall options...
INFO:root:Changing network configuration for Motiontracker/EMG on Intel(R) Ethernet Connection I218-V...
INFO:root:Changed network configuration of Intel(R) Ethernet Connection I218-V
	to DHCP
INFO:root:Changing firewall configuration on port 10001...
DEBUG:root:Checking if firewall rule on port 10001 is present...
INFO:root:Setting firewall rule with name "HFU_Trigger_Server" to disabled...
DEBUG:root:Checking elevation...
INFO:root:Restart progam and ask for elevation...
DEBUG:root:Checking elevation...
DEBUG:root:Elevation present.
DEBUG:root:Extracting physical network devices...
DEBUG:root:Creating GUI Frame...
DEBUG:root:Building GUI...
INFO:root:Resetting network and firewall options...
INFO:root:Changing network configuration for fNIRS on Intel(R) Dual Band Wireless-AC 7260...
INFO:root:Changed network configuration of Intel(R) Dual Band Wireless-AC 7260
	to DHCP
INFO:root:Changing firewall configuration on port 10001...
DEBUG:root:Checking if firewall rule on port 10001 is present...
INFO:root:Setting firewall rule with name "HFU_Trigger_Server" to disabled...
DEBUG:root:Checking elevation...
INFO:root:Restart progam and ask for elevation...
DEBUG:root:Checking elevation...
DEBUG:root:Elevation present.
DEBUG:root:Extracting physical network devices...
DEBUG:root:Creating GUI Frame...
DEBUG:root:Building GUI...
INFO:root:Resetting network and firewall options...
INFO:root:Changing network configuration for fNIRS on Intel(R) Dual Band Wireless-AC 7260...
INFO:root:Changed network configuration of Intel(R) Dual Band Wireless-AC 7260
	to DHCP
INFO:root:Changing firewall configuration on port 10001...
DEBUG:root:Checking if firewall rule on port 10001 is present...
INFO:root:Setting firewall rule with name "HFU_Trigger_Server" to disabled...
